==================================================
🪙 币安价格更新
==================================================
✅ BTC: $66,835.19 (-0.75%)
✅ Dashboard 已更新 (02/19 11:00)
✅ 已部署到服务器
==================================================
==================================================
🪙 币安价格更新
==================================================
✅ BTC: $66,865.38 (-0.89%)
✅ Dashboard 已更新 (02/19 11:05)
✅ 已部署到服务器
==================================================
==================================================
🪙 币安价格更新
==================================================
✅ BTC: $66,780.12 (-0.92%)
✅ Dashboard 已更新 (02/19 11:10)
✅ 已部署到服务器
==================================================
==================================================
🪙 币安价格更新
==================================================
✅ BTC: $66,799.08 (-0.92%)
✅ Dashboard 已更新 (02/19 11:15)
✅ 已部署到服务器
==================================================
==================================================
🪙 币安价格更新
==================================================
✅ BTC: $66,889.99 (-0.84%)
✅ Dashboard 已更新 (02/19 11:20)
✅ 已部署到服务器
==================================================
==================================================
🪙 币安价格更新
==================================================
✅ BTC: $66,956.51 (-0.80%)
✅ Dashboard 已更新 (02/19 11:25)
✅ 已部署到服务器
==================================================
==================================================
🪙 币安价格更新
==================================================
✅ BTC: $66,956.45 (-0.86%)
✅ Dashboard 已更新 (02/19 11:30)
✅ 已部署到服务器
==================================================
==================================================
🪙 币安价格更新
==================================================
✅ BTC: $66,857.28 (-1.09%)
✅ Dashboard 已更新 (02/19 11:35)
✅ 已部署到服务器
==================================================
==================================================
🪙 币安价格更新
==================================================
✅ BTC: $66,863.68 (-1.08%)
✅ Dashboard 已更新 (02/19 11:40)
✅ 已部署到服务器
==================================================
==================================================
🪙 币安价格更新
==================================================
✅ BTC: $66,910.00 (-1.05%)
✅ Dashboard 已更新 (02/19 11:45)
✅ 已部署到服务器
==================================================
==================================================
🪙 币安价格更新
==================================================
✅ BTC: $66,897.09 (-1.09%)
✅ Dashboard 已更新 (02/19 11:50)
✅ 已部署到服务器
==================================================
==================================================
🪙 币安价格更新
==================================================
✅ BTC: $66,934.53 (-1.04%)
✅ Dashboard 已更新 (02/19 11:55)
✅ 已部署到服务器
==================================================
