🔍 正在获取Clanker/Bankr最新代币...
✅ 找到 20 个Clanker/Bankr代币

📊 市场状态: 💤 深度休眠 - 连续2次无活跃，8小时推一次
活跃代币: 0 | 貔貅过滤: 0
是否推送: ❌ 否

💤 静默中... 下次检查再决定
🔍 正在获取Clanker/Bankr最新代币...
✅ 找到 20 个Clanker/Bankr代币

📊 市场状态: 💤 深度休眠 - 连续3次无活跃，8小时推一次
活跃代币: 0 | 貔貅过滤: 0
是否推送: ❌ 否

💤 静默中... 下次检查再决定
🔍 正在获取Clanker/Bankr最新代币...
✅ 找到 20 个Clanker/Bankr代币

📊 市场状态: 💤 深度休眠 - 连续4次无活跃，8小时推一次
活跃代币: 0 | 貔貅过滤: 0
是否推送: ❌ 否

💤 静默中... 下次检查再决定
🔍 正在获取Clanker/Bankr最新代币...
✅ 找到 20 个Clanker/Bankr代币

📊 市场状态: 💤 深度休眠 - 连续5次无活跃，8小时推一次
活跃代币: 0 | 貔貅过滤: 0
是否推送: ❌ 否

💤 静默中... 下次检查再决定
🔍 正在获取Clanker/Bankr最新代币...
✅ 找到 20 个Clanker/Bankr代币

📊 市场状态: 💤 深度休眠 - 连续6次无活跃，8小时推一次
活跃代币: 0 | 貔貅过滤: 0
是否推送: ✅ 是
🔍 正在获取Clanker/Bankr最新代币...
✅ 找到 20 个Clanker/Bankr代币
📭 当前无活跃交易的Clanker/Bankr代币（交易量>0）

💾 报告已保存: /tmp/clanker_monitor_20260217_1600.txt
🔍 正在获取Clanker/Bankr最新代币...
✅ 找到 20 个Clanker/Bankr代币

📊 市场状态: 💤 深度休眠 - 连续7次无活跃，8小时推一次
活跃代币: 0 | 貔貅过滤: 0
是否推送: ❌ 否

💤 静默中... 下次检查再决定
🔍 正在获取Clanker/Bankr最新代币...
✅ 找到 20 个Clanker/Bankr代币

📊 市场状态: 💤 深度休眠 - 连续8次无活跃，8小时推一次
活跃代币: 0 | 貔貅过滤: 0
是否推送: ❌ 否

💤 静默中... 下次检查再决定
🔍 正在获取Clanker/Bankr最新代币...
✅ 找到 20 个Clanker/Bankr代币

📊 市场状态: 💤 深度休眠 - 连续9次无活跃，8小时推一次
活跃代币: 0 | 貔貅过滤: 0
是否推送: ❌ 否

💤 静默中... 下次检查再决定
🔍 正在获取Clanker/Bankr最新代币...
✅ 找到 20 个Clanker/Bankr代币

📊 市场状态: 💤 深度休眠 - 连续10次无活跃，8小时推一次
活跃代币: 0 | 貔貅过滤: 0
是否推送: ❌ 否

💤 静默中... 下次检查再决定
🔍 正在获取Clanker/Bankr最新代币...
✅ 找到 20 个Clanker/Bankr代币

📊 市场状态: 💤 深度休眠 - 连续11次无活跃，8小时推一次
活跃代币: 0 | 貔貅过滤: 0
是否推送: ✅ 是
🔍 正在获取Clanker/Bankr最新代币...
✅ 找到 20 个Clanker/Bankr代币
📭 当前无活跃交易的Clanker/Bankr代币（交易量>0）

💾 报告已保存: /tmp/clanker_monitor_20260218_0200.txt
🔍 正在获取Clanker/Bankr最新代币...
✅ 找到 20 个Clanker/Bankr代币

📊 市场状态: 💤 深度休眠 - 连续12次无活跃，8小时推一次
活跃代币: 0 | 貔貅过滤: 0
是否推送: ❌ 否

💤 静默中... 下次检查再决定
🔍 正在获取Clanker/Bankr最新代币...
✅ 找到 20 个Clanker/Bankr代币

📊 市场状态: 💤 深度休眠 - 连续13次无活跃，8小时推一次
活跃代币: 0 | 貔貅过滤: 0
是否推送: ❌ 否

💤 静默中... 下次检查再决定
🔍 正在获取Clanker/Bankr最新代币...
✅ 找到 20 个Clanker/Bankr代币

📊 市场状态: 💤 深度休眠 - 连续14次无活跃，8小时推一次
活跃代币: 0 | 貔貅过滤: 0
是否推送: ❌ 否

💤 静默中... 下次检查再决定
🔍 正在获取Clanker/Bankr最新代币...
✅ 找到 20 个Clanker/Bankr代币

📊 市场状态: 💤 深度休眠 - 连续15次无活跃，8小时推一次
活跃代币: 0 | 貔貅过滤: 0
是否推送: ❌ 否

💤 静默中... 下次检查再决定
🔍 正在获取Clanker/Bankr最新代币...
✅ 找到 20 个Clanker/Bankr代币

📊 市场状态: 💤 深度休眠 - 连续16次无活跃，8小时推一次
活跃代币: 0 | 貔貅过滤: 0
是否推送: ✅ 是
🔍 正在获取Clanker/Bankr最新代币...
✅ 找到 20 个Clanker/Bankr代币
📭 当前无活跃交易的Clanker/Bankr代币（交易量>0）

💾 报告已保存: /tmp/clanker_monitor_20260218_1200.txt
🔍 正在获取Clanker/Bankr最新代币...
✅ 找到 20 个Clanker/Bankr代币

📊 市场状态: 💤 深度休眠 - 连续17次无活跃，8小时推一次
活跃代币: 0 | 貔貅过滤: 0
是否推送: ❌ 否

💤 静默中... 下次检查再决定
🔍 正在获取Clanker/Bankr最新代币...
✅ 找到 20 个Clanker/Bankr代币

📊 市场状态: 💤 深度休眠 - 连续18次无活跃，8小时推一次
活跃代币: 0 | 貔貅过滤: 0
是否推送: ❌ 否

💤 静默中... 下次检查再决定
🔍 正在获取Clanker/Bankr最新代币...
✅ 找到 20 个Clanker/Bankr代币

📊 市场状态: 💤 深度休眠 - 连续19次无活跃，8小时推一次
活跃代币: 0 | 貔貅过滤: 0
是否推送: ❌ 否

💤 静默中... 下次检查再决定
🔍 正在获取Clanker/Bankr最新代币...
✅ 找到 20 个Clanker/Bankr代币

📊 市场状态: 💤 深度休眠 - 连续20次无活跃，8小时推一次
活跃代币: 0 | 貔貅过滤: 0
是否推送: ❌ 否

💤 静默中... 下次检查再决定
🔍 正在获取Clanker/Bankr最新代币...
✅ 找到 20 个Clanker/Bankr代币

📊 市场状态: 💤 深度休眠 - 连续21次无活跃，8小时推一次
活跃代币: 0 | 貔貅过滤: 0
是否推送: ✅ 是
🔍 正在获取Clanker/Bankr最新代币...
✅ 找到 20 个Clanker/Bankr代币
📭 当前无活跃交易的Clanker/Bankr代币（交易量>0）

💾 报告已保存: /tmp/clanker_monitor_20260218_2200.txt
🔍 正在获取Clanker/Bankr最新代币...
✅ 找到 20 个Clanker/Bankr代币

📊 市场状态: 💤 深度休眠 - 连续22次无活跃，8小时推一次
活跃代币: 0 | 貔貅过滤: 0
是否推送: ❌ 否

💤 静默中... 下次检查再决定
🔍 正在获取Clanker/Bankr最新代币...
✅ 找到 20 个Clanker/Bankr代币

📊 市场状态: 💤 深度休眠 - 连续23次无活跃，8小时推一次
活跃代币: 0 | 貔貅过滤: 0
是否推送: ❌ 否

💤 静默中... 下次检查再决定
🔍 正在获取Clanker/Bankr最新代币...
✅ 找到 20 个Clanker/Bankr代币

📊 市场状态: 💤 深度休眠 - 连续24次无活跃，8小时推一次
活跃代币: 0 | 貔貅过滤: 0
是否推送: ❌ 否

💤 静默中... 下次检查再决定
🔍 正在获取Clanker/Bankr最新代币...
✅ 找到 20 个Clanker/Bankr代币

📊 市场状态: 🔥 市场活跃 - 正常推送
活跃代币: 1 | 貔貅过滤: 0
是否推送: ✅ 是
🔍 正在获取Clanker/Bankr最新代币...
✅ 找到 20 个Clanker/Bankr代币
======================================================================
🦞 Clanker/Bankr 热门币TOP5
📅 2026-02-19 06:00:15
======================================================================

======================================================================
📋 热门币详细分析 (TOP5)
======================================================================


──────────────────────────────────────────────────────────────────────
#1 BELF 🔁【今日多次】
──────────────────────────────────────────────────────────────────────
💰 价格: $0.00000039 | 24h: +0.00%
💎 市值: $0 | 📊 交易量: $0
💧 流动性: $0 | 🔄 交易笔数: 1


📖 叙事: 🤖 AI Agent - 自主执行任务的AI代理
   💼 实用功能：自动交易/市场分析
   关联: 🔧 Clanker平台发行
   社区: 👀 新发射，社区状态待观察
⏰ 创建时间: 1分钟前

🔗 DexScreener: https://dexscreener.com/base/0x1691df40c4d40ad17ff56f41c60b158391ca310f5b2ce6e9df610720956e0e33

======================================================================
⚠️ 风险提示: Clanker/Bankr新币风险极高，以上数据仅供参考，DYOR
======================================================================

💾 报告已保存: /tmp/clanker_monitor_20260219_0600.txt
🔍 正在获取Clanker/Bankr最新代币...
✅ 找到 20 个Clanker/Bankr代币

📊 市场状态: 🌙 休眠模式 - 连续1次无活跃，4小时推一次
活跃代币: 0 | 貔貅过滤: 0
是否推送: ❌ 否

💤 静默中... 下次检查再决定
🔍 正在获取Clanker/Bankr最新代币...
✅ 找到 20 个Clanker/Bankr代币

📊 市场状态: 💤 深度休眠 - 连续2次无活跃，8小时推一次
活跃代币: 0 | 貔貅过滤: 0
是否推送: ❌ 否

💤 静默中... 下次检查再决定
🔍 正在获取Clanker/Bankr最新代币...
✅ 找到 20 个Clanker/Bankr代币

📊 市场状态: 💤 深度休眠 - 连续3次无活跃，8小时推一次
活跃代币: 0 | 貔貅过滤: 0
是否推送: ❌ 否

💤 静默中... 下次检查再决定
🔍 正在获取Clanker/Bankr最新代币...
✅ 找到 20 个Clanker/Bankr代币

📊 市场状态: 💤 深度休眠 - 连续4次无活跃，8小时推一次
活跃代币: 0 | 貔貅过滤: 0
是否推送: ❌ 否

💤 静默中... 下次检查再决定
🔍 正在获取Clanker/Bankr最新代币...
✅ 找到 20 个Clanker/Bankr代币

📊 市场状态: 💤 深度休眠 - 连续5次无活跃，8小时推一次
活跃代币: 0 | 貔貅过滤: 0
是否推送: ✅ 是
🔍 正在获取Clanker/Bankr最新代币...
✅ 找到 20 个Clanker/Bankr代币
📭 当前无活跃交易的Clanker/Bankr代币（交易量>0）

💾 报告已保存: /tmp/clanker_monitor_20260219_1600.txt
🔍 正在获取Clanker/Bankr最新代币...
✅ 找到 20 个Clanker/Bankr代币

📊 市场状态: 💤 深度休眠 - 连续6次无活跃，8小时推一次
活跃代币: 0 | 貔貅过滤: 0
是否推送: ❌ 否

💤 静默中... 下次检查再决定
🔍 正在获取Clanker/Bankr最新代币...
✅ 找到 20 个Clanker/Bankr代币

📊 市场状态: 💤 深度休眠 - 连续7次无活跃，8小时推一次
活跃代币: 0 | 貔貅过滤: 0
是否推送: ❌ 否

💤 静默中... 下次检查再决定
🔍 正在获取Clanker/Bankr最新代币...
✅ 找到 20 个Clanker/Bankr代币

📊 市场状态: 🔥 市场活跃 - 正常推送
活跃代币: 1 | 貔貅过滤: 0
是否推送: ✅ 是
🔍 正在获取Clanker/Bankr最新代币...
✅ 找到 20 个Clanker/Bankr代币
📭 当前无活跃交易的Clanker/Bankr代币（交易量>0）

💾 报告已保存: /tmp/clanker_monitor_20260219_2200.txt
🔍 正在获取Clanker/Bankr最新代币...
✅ 找到 20 个Clanker/Bankr代币

📊 市场状态: 🌙 休眠模式 - 连续1次无活跃，4小时推一次
活跃代币: 0 | 貔貅过滤: 0
是否推送: ❌ 否

💤 静默中... 下次检查再决定
🔍 正在获取Clanker/Bankr最新代币...
✅ 找到 20 个Clanker/Bankr代币

📊 市场状态: 🔥 市场活跃 - 正常推送
活跃代币: 1 | 貔貅过滤: 0
是否推送: ✅ 是
🔍 正在获取Clanker/Bankr最新代币...
✅ 找到 20 个Clanker/Bankr代币
📭 当前无活跃交易的Clanker/Bankr代币（交易量>0）

💾 报告已保存: /tmp/clanker_monitor_20260220_0200.txt
🔍 正在获取Clanker/Bankr最新代币...
✅ 找到 20 个Clanker/Bankr代币

📊 市场状态: 🌙 休眠模式 - 连续1次无活跃，4小时推一次
活跃代币: 0 | 貔貅过滤: 0
是否推送: ❌ 否

💤 静默中... 下次检查再决定
🔍 正在获取Clanker/Bankr最新代币...
✅ 找到 20 个Clanker/Bankr代币

📊 市场状态: 💤 深度休眠 - 连续2次无活跃，8小时推一次
活跃代币: 0 | 貔貅过滤: 0
是否推送: ❌ 否

💤 静默中... 下次检查再决定
🔍 正在获取Clanker/Bankr最新代币...
✅ 找到 20 个Clanker/Bankr代币

📊 市场状态: 💤 深度休眠 - 连续3次无活跃，8小时推一次
活跃代币: 0 | 貔貅过滤: 0
是否推送: ❌ 否

💤 静默中... 下次检查再决定
🔍 正在获取Clanker/Bankr最新代币...
✅ 找到 20 个Clanker/Bankr代币

📊 市场状态: 💤 深度休眠 - 连续4次无活跃，8小时推一次
活跃代币: 0 | 貔貅过滤: 0
是否推送: ❌ 否

💤 静默中... 下次检查再决定
🔍 正在获取Clanker/Bankr最新代币...
✅ 找到 20 个Clanker/Bankr代币

📊 市场状态: 💤 深度休眠 - 连续5次无活跃，8小时推一次
活跃代币: 0 | 貔貅过滤: 0
是否推送: ✅ 是
🔍 正在获取Clanker/Bankr最新代币...
✅ 找到 20 个Clanker/Bankr代币
📭 当前无活跃交易的Clanker/Bankr代币（交易量>0）

💾 报告已保存: /tmp/clanker_monitor_20260220_1200.txt
🔍 正在获取Clanker/Bankr最新代币...
✅ 找到 20 个Clanker/Bankr代币

📊 市场状态: 💤 深度休眠 - 连续6次无活跃，8小时推一次
活跃代币: 0 | 貔貅过滤: 0
是否推送: ❌ 否

💤 静默中... 下次检查再决定
🔍 正在获取Clanker/Bankr最新代币...
✅ 找到 20 个Clanker/Bankr代币

📊 市场状态: 💤 深度休眠 - 连续7次无活跃，8小时推一次
活跃代币: 0 | 貔貅过滤: 0
是否推送: ❌ 否

💤 静默中... 下次检查再决定
🔍 正在获取Clanker/Bankr最新代币...
✅ 找到 20 个Clanker/Bankr代币

📊 市场状态: 💤 深度休眠 - 连续8次无活跃，8小时推一次
活跃代币: 0 | 貔貅过滤: 0
是否推送: ❌ 否

💤 静默中... 下次检查再决定
🔍 正在获取Clanker/Bankr最新代币...
✅ 找到 20 个Clanker/Bankr代币

📊 市场状态: 💤 深度休眠 - 连续9次无活跃，8小时推一次
活跃代币: 0 | 貔貅过滤: 0
是否推送: ❌ 否

💤 静默中... 下次检查再决定
🔍 正在获取Clanker/Bankr最新代币...
✅ 找到 20 个Clanker/Bankr代币

📊 市场状态: 💤 深度休眠 - 连续10次无活跃，8小时推一次
活跃代币: 0 | 貔貅过滤: 0
是否推送: ✅ 是
🔍 正在获取Clanker/Bankr最新代币...
✅ 找到 20 个Clanker/Bankr代币
📭 当前无活跃交易的Clanker/Bankr代币（交易量>0）

💾 报告已保存: /tmp/clanker_monitor_20260220_2200.txt
🔍 正在获取Clanker/Bankr最新代币...
✅ 找到 20 个Clanker/Bankr代币

📊 市场状态: 💤 深度休眠 - 连续11次无活跃，8小时推一次
活跃代币: 0 | 貔貅过滤: 0
是否推送: ❌ 否

💤 静默中... 下次检查再决定
🔍 正在获取Clanker/Bankr最新代币...
✅ 找到 20 个Clanker/Bankr代币

📊 市场状态: 💤 深度休眠 - 连续12次无活跃，8小时推一次
活跃代币: 0 | 貔貅过滤: 0
是否推送: ❌ 否

💤 静默中... 下次检查再决定
🔍 正在获取Clanker/Bankr最新代币...
✅ 找到 20 个Clanker/Bankr代币

📊 市场状态: 💤 深度休眠 - 连续13次无活跃，8小时推一次
活跃代币: 0 | 貔貅过滤: 0
是否推送: ❌ 否

💤 静默中... 下次检查再决定
🔍 正在获取Clanker/Bankr最新代币...
✅ 找到 20 个Clanker/Bankr代币

📊 市场状态: 💤 深度休眠 - 连续14次无活跃，8小时推一次
活跃代币: 0 | 貔貅过滤: 0
是否推送: ❌ 否

💤 静默中... 下次检查再决定
🔍 正在获取Clanker/Bankr最新代币...
✅ 找到 20 个Clanker/Bankr代币

📊 市场状态: 💤 深度休眠 - 连续15次无活跃，8小时推一次
活跃代币: 0 | 貔貅过滤: 0
是否推送: ✅ 是
🔍 正在获取Clanker/Bankr最新代币...
✅ 找到 20 个Clanker/Bankr代币
📭 当前无活跃交易的Clanker/Bankr代币（交易量>0）

💾 报告已保存: /tmp/clanker_monitor_20260221_0800.txt
🔍 正在获取Clanker/Bankr最新代币...
✅ 找到 20 个Clanker/Bankr代币

📊 市场状态: 💤 深度休眠 - 连续16次无活跃，8小时推一次
活跃代币: 0 | 貔貅过滤: 0
是否推送: ❌ 否

💤 静默中... 下次检查再决定
🔍 正在获取Clanker/Bankr最新代币...
✅ 找到 20 个Clanker/Bankr代币

📊 市场状态: 💤 深度休眠 - 连续17次无活跃，8小时推一次
活跃代币: 0 | 貔貅过滤: 0
是否推送: ❌ 否

💤 静默中... 下次检查再决定
🔍 正在获取Clanker/Bankr最新代币...
✅ 找到 20 个Clanker/Bankr代币

📊 市场状态: 💤 深度休眠 - 连续18次无活跃，8小时推一次
活跃代币: 0 | 貔貅过滤: 0
是否推送: ❌ 否

💤 静默中... 下次检查再决定
🔍 正在获取Clanker/Bankr最新代币...
✅ 找到 20 个Clanker/Bankr代币

📊 市场状态: 💤 深度休眠 - 连续19次无活跃，8小时推一次
活跃代币: 0 | 貔貅过滤: 0
是否推送: ❌ 否

💤 静默中... 下次检查再决定
🔍 正在获取Clanker/Bankr最新代币...
✅ 找到 20 个Clanker/Bankr代币

📊 市场状态: 💤 深度休眠 - 连续20次无活跃，8小时推一次
活跃代币: 0 | 貔貅过滤: 0
是否推送: ✅ 是
🔍 正在获取Clanker/Bankr最新代币...
✅ 找到 20 个Clanker/Bankr代币
📭 当前无活跃交易的Clanker/Bankr代币（交易量>0）

💾 报告已保存: /tmp/clanker_monitor_20260221_1800.txt
🔍 正在获取Clanker/Bankr最新代币...
✅ 找到 20 个Clanker/Bankr代币

📊 市场状态: 💤 深度休眠 - 连续21次无活跃，8小时推一次
活跃代币: 0 | 貔貅过滤: 0
是否推送: ❌ 否

💤 静默中... 下次检查再决定
🔍 正在获取Clanker/Bankr最新代币...
✅ 找到 20 个Clanker/Bankr代币

📊 市场状态: 💤 深度休眠 - 连续22次无活跃，8小时推一次
活跃代币: 0 | 貔貅过滤: 0
是否推送: ❌ 否

💤 静默中... 下次检查再决定
🔍 正在获取Clanker/Bankr最新代币...
✅ 找到 20 个Clanker/Bankr代币

📊 市场状态: 💤 深度休眠 - 连续23次无活跃，8小时推一次
活跃代币: 0 | 貔貅过滤: 0
是否推送: ❌ 否

💤 静默中... 下次检查再决定
🔍 正在获取Clanker/Bankr最新代币...
✅ 找到 20 个Clanker/Bankr代币

📊 市场状态: 💤 深度休眠 - 连续24次无活跃，8小时推一次
活跃代币: 0 | 貔貅过滤: 0
是否推送: ❌ 否

💤 静默中... 下次检查再决定
🔍 正在获取Clanker/Bankr最新代币...
✅ 找到 20 个Clanker/Bankr代币

📊 市场状态: 💤 深度休眠 - 连续25次无活跃，8小时推一次
活跃代币: 0 | 貔貅过滤: 0
是否推送: ✅ 是
🔍 正在获取Clanker/Bankr最新代币...
✅ 找到 20 个Clanker/Bankr代币
📭 当前无活跃交易的Clanker/Bankr代币（交易量>0）

💾 报告已保存: /tmp/clanker_monitor_20260222_0400.txt
🔍 正在获取Clanker/Bankr最新代币...
✅ 找到 20 个Clanker/Bankr代币

📊 市场状态: 💤 深度休眠 - 连续26次无活跃，8小时推一次
活跃代币: 0 | 貔貅过滤: 0
是否推送: ❌ 否

💤 静默中... 下次检查再决定
🔍 正在获取Clanker/Bankr最新代币...
✅ 找到 20 个Clanker/Bankr代币

📊 市场状态: 🔥 市场活跃 - 正常推送
活跃代币: 1 | 貔貅过滤: 0
是否推送: ✅ 是
🔍 正在获取Clanker/Bankr最新代币...
✅ 找到 20 个Clanker/Bankr代币
======================================================================
🦞 Clanker/Bankr 热门币TOP5
📅 2026-02-22 08:00:19
======================================================================

======================================================================
📋 热门币详细分析 (TOP5)
======================================================================


──────────────────────────────────────────────────────────────────────
#1 SHDW 🔁【今日多次】
──────────────────────────────────────────────────────────────────────
💰 价格: $0.00000020 | 24h: -14.29%
💎 市值: $0 | 📊 交易量: $16,957
💧 流动性: $20,617 | 🔄 交易笔数: 115


📖 叙事: 🏗️ Base生态币 - Base链基础设施
   🔧 实用功能：Base链工具/服务
   关联: 🔧 Clanker平台发行
   社区: 👀 新发射，社区状态待观察
⏰ 创建时间: 7分钟前

🔗 DexScreener: https://dexscreener.com/base/0x1f148dee92c59b34ce98648a30d5406634596a7dd8b9984575b71717d8ee0bd2

======================================================================
⚠️ 风险提示: Clanker/Bankr新币风险极高，以上数据仅供参考，DYOR
======================================================================

💾 报告已保存: /tmp/clanker_monitor_20260222_0800.txt
🔍 正在获取Clanker/Bankr最新代币...
✅ 找到 20 个Clanker/Bankr代币

📊 市场状态: 🔥 市场活跃 - 正常推送
活跃代币: 3 | 貔貅过滤: 0
是否推送: ✅ 是
🔍 正在获取Clanker/Bankr最新代币...
✅ 找到 20 个Clanker/Bankr代币
======================================================================
🦞 Clanker/Bankr 热门币TOP5
📅 2026-02-22 10:00:17
======================================================================

======================================================================
📋 热门币详细分析 (TOP5)
======================================================================


──────────────────────────────────────────────────────────────────────
#1 Shelldon 🔁【今日多次】
──────────────────────────────────────────────────────────────────────
💰 价格: $0.00000020 | 24h: -58.60%
💎 市值: $0 | 📊 交易量: $8,427
💧 流动性: $20,411 | 🔄 交易笔数: 94


📖 叙事: 📊 未分类 - 需要进一步观察
   ❓ 用途待明确
   关联: 🏦 Bankr生态关联 | 🔧 Clanker平台发行
   社区: 👀 新发射，社区状态待观察
⏰ 创建时间: 5分钟前

🔗 DexScreener: https://dexscreener.com/base/0x58f4a094b6a946b8b6edccc850b48d473a67be88f8b389c0b710c6eb65cde1c6

──────────────────────────────────────────────────────────────────────
#2 Shelldon 🔁【今日多次】
──────────────────────────────────────────────────────────────────────
💰 价格: $0.00000102 | 24h: +115.00%
💎 市值: $0 | 📊 交易量: $5,196
💧 流动性: $96,286 | 🔄 交易笔数: 76


📖 叙事: 📊 未分类 - 需要进一步观察
   ❓ 用途待明确
   关联: 🔧 Clanker平台发行
   社区: 👀 新发射，社区状态待观察
⏰ 创建时间: 3分钟前

🔗 DexScreener: https://dexscreener.com/base/0x0cd10743f38653e6405e82b1a2e1b47276ea223a4c33f05c66f7d1b0076f6533

──────────────────────────────────────────────────────────────────────
#3 SHELLDON 🔁【今日多次】
──────────────────────────────────────────────────────────────────────
💰 价格: $0.00000025 | 24h: +0.00%
💎 市值: $0 | 📊 交易量: $0
💧 流动性: $0 | 🔄 交易笔数: 1


📖 叙事: 📊 未分类 - 需要进一步观察
   ❓ 用途待明确
   关联: 🔧 Clanker平台发行
   社区: 👀 新发射，社区状态待观察
⏰ 创建时间: 5分钟前

🔗 DexScreener: https://dexscreener.com/base/0x75bf122a279673eb136eea7c7a55e40db1c1c0c1da730369c959ba05d600cdae

======================================================================
⚠️ 风险提示: Clanker/Bankr新币风险极高，以上数据仅供参考，DYOR
======================================================================

💾 报告已保存: /tmp/clanker_monitor_20260222_1000.txt
🔍 正在获取Clanker/Bankr最新代币...
✅ 找到 20 个Clanker/Bankr代币

📊 市场状态: 🌙 休眠模式 - 连续1次无活跃，4小时推一次
活跃代币: 0 | 貔貅过滤: 0
是否推送: ❌ 否

💤 静默中... 下次检查再决定
🔍 正在获取Clanker/Bankr最新代币...
✅ 找到 20 个Clanker/Bankr代币

📊 市场状态: 💤 深度休眠 - 连续2次无活跃，8小时推一次
活跃代币: 0 | 貔貅过滤: 0
是否推送: ❌ 否

💤 静默中... 下次检查再决定
🔍 正在获取Clanker/Bankr最新代币...
✅ 找到 20 个Clanker/Bankr代币

📊 市场状态: 💤 深度休眠 - 连续3次无活跃，8小时推一次
活跃代币: 0 | 貔貅过滤: 0
是否推送: ❌ 否

💤 静默中... 下次检查再决定
🔍 正在获取Clanker/Bankr最新代币...
✅ 找到 20 个Clanker/Bankr代币

📊 市场状态: 💤 深度休眠 - 连续4次无活跃，8小时推一次
活跃代币: 0 | 貔貅过滤: 0
是否推送: ❌ 否

💤 静默中... 下次检查再决定
🔍 正在获取Clanker/Bankr最新代币...
✅ 找到 20 个Clanker/Bankr代币

📊 市场状态: 🔥 市场活跃 - 正常推送
活跃代币: 1 | 貔貅过滤: 0
是否推送: ✅ 是
🔍 正在获取Clanker/Bankr最新代币...
✅ 找到 20 个Clanker/Bankr代币
======================================================================
🦞 Clanker/Bankr 热门币TOP5
📅 2026-02-22 20:00:18
======================================================================

======================================================================
📋 热门币详细分析 (TOP5)
======================================================================


──────────────────────────────────────────────────────────────────────
#1 Task 🔁【今日多次】
──────────────────────────────────────────────────────────────────────
💰 价格: $0.00000020 | 24h: -58.90%
💎 市值: $0 | 📊 交易量: $18,346
💧 流动性: $19,959 | 🔄 交易笔数: 313


📖 叙事: 📊 未分类 - 需要进一步观察
   ❓ 用途待明确
   关联: 🏦 Bankr生态关联 | 🔧 Clanker平台发行
   社区: 👀 新发射，社区状态待观察
⏰ 创建时间: 9分钟前

🔗 DexScreener: https://dexscreener.com/base/0xd9bfe17b0633232959a01e1bc4858f4509364ff3369f26c3cfa4508ff0e79f67

======================================================================
⚠️ 风险提示: Clanker/Bankr新币风险极高，以上数据仅供参考，DYOR
======================================================================

💾 报告已保存: /tmp/clanker_monitor_20260222_2000.txt
🔍 正在获取Clanker/Bankr最新代币...
✅ 找到 20 个Clanker/Bankr代币

📊 市场状态: 🔥 市场活跃 - 正常推送
活跃代币: 3 | 貔貅过滤: 0
是否推送: ✅ 是
🔍 正在获取Clanker/Bankr最新代币...
✅ 找到 20 个Clanker/Bankr代币
======================================================================
🦞 Clanker/Bankr 热门币TOP5
📅 2026-02-22 22:00:19
======================================================================

======================================================================
📋 热门币详细分析 (TOP5)
======================================================================


──────────────────────────────────────────────────────────────────────
#1 Thobster 🔁【今日多次】
──────────────────────────────────────────────────────────────────────
💰 价格: $0.00000122 | 24h: +454.00%
💎 市值: $0 | 📊 交易量: $38,090
💧 流动性: $78,090 | 🔄 交易笔数: 127


📖 叙事: 📊 未分类 - 需要进一步观察
   ❓ 用途待明确
   关联: 🔧 Clanker平台发行
   社区: 👀 新发射，社区状态待观察
⏰ 创建时间: 4分钟前

🔗 DexScreener: https://dexscreener.com/base/0x67cb760ff5129a14820375b65529ca449b92424317e87d441d7329ab5c21f3b9

──────────────────────────────────────────────────────────────────────
#2 Thobster 🔁【今日多次】
──────────────────────────────────────────────────────────────────────
💰 价格: $0.00000102 | 24h: +119.00%
💎 市值: $0 | 📊 交易量: $5,308
💧 流动性: $96,676 | 🔄 交易笔数: 55


📖 叙事: 📊 未分类 - 需要进一步观察
   ❓ 用途待明确
   关联: 🔧 Clanker平台发行
   社区: 👀 新发射，社区状态待观察
⏰ 创建时间: 4分钟前

🔗 DexScreener: https://dexscreener.com/base/0x8206ad063ecebf0d338d06121a236014fc02cace3363668f3663d642ce104dcc

──────────────────────────────────────────────────────────────────────
#3 Jack 🔁【今日多次】
──────────────────────────────────────────────────────────────────────
💰 价格: $0.00000019 | 24h: -58.87%
💎 市值: $0 | 📊 交易量: $4,566
💧 流动性: $20,101 | 🔄 交易笔数: 31


📖 叙事: 📊 未分类 - 需要进一步观察
   ❓ 用途待明确
   关联: 🏦 Bankr生态关联 | 🔧 Clanker平台发行
   社区: 👀 新发射，社区状态待观察
⏰ 创建时间: 8分钟前

🔗 DexScreener: https://dexscreener.com/base/0x209e91423765f3ab80493dba414f0fe43fb933f7810cb696951e192cf93af750

======================================================================
⚠️ 风险提示: Clanker/Bankr新币风险极高，以上数据仅供参考，DYOR
======================================================================

💾 报告已保存: /tmp/clanker_monitor_20260222_2200.txt
🔍 正在获取Clanker/Bankr最新代币...
✅ 找到 20 个Clanker/Bankr代币

📊 市场状态: 🔥 市场活跃 - 正常推送
活跃代币: 1 | 貔貅过滤: 0
是否推送: ✅ 是
🔍 正在获取Clanker/Bankr最新代币...
✅ 找到 20 个Clanker/Bankr代币
======================================================================
🦞 Clanker/Bankr 热门币TOP5
📅 2026-02-23 00:00:19
======================================================================

======================================================================
📋 热门币详细分析 (TOP5)
======================================================================


──────────────────────────────────────────────────────────────────────
#1 HANWU 🔁【今日多次】
──────────────────────────────────────────────────────────────────────
💰 价格: $0.00000025 | 24h: +0.00%
💎 市值: $0 | 📊 交易量: $486
💧 流动性: $0 | 🔄 交易笔数: 1


📖 叙事: 🤖 AI Agent - 自主执行任务的AI代理
   🔧 实用功能：通用AI任务执行
   关联: 🔧 Clanker平台发行
   社区: 👀 新发射，社区状态待观察
⏰ 创建时间: 1分钟前

🔗 DexScreener: https://dexscreener.com/base/0x0f31f1221661483373838245d16d8efe09797503e20a760b1a547c55fbf49f3e

======================================================================
⚠️ 风险提示: Clanker/Bankr新币风险极高，以上数据仅供参考，DYOR
======================================================================

💾 报告已保存: /tmp/clanker_monitor_20260223_0000.txt
🔍 正在获取Clanker/Bankr最新代币...
✅ 找到 20 个Clanker/Bankr代币

📊 市场状态: 🌙 休眠模式 - 连续1次无活跃，4小时推一次
活跃代币: 0 | 貔貅过滤: 0
是否推送: ❌ 否

💤 静默中... 下次检查再决定
🔍 正在获取Clanker/Bankr最新代币...
✅ 找到 20 个Clanker/Bankr代币

📊 市场状态: 🔥 市场活跃 - 正常推送
活跃代币: 2 | 貔貅过滤: 0
是否推送: ✅ 是
🔍 正在获取Clanker/Bankr最新代币...
✅ 找到 20 个Clanker/Bankr代币
======================================================================
🦞 Clanker/Bankr 热门币TOP5
📅 2026-02-23 04:00:19
======================================================================

======================================================================
📋 热门币详细分析 (TOP5)
======================================================================


──────────────────────────────────────────────────────────────────────
#1 SVRNTY 🔁【今日多次】
──────────────────────────────────────────────────────────────────────
💰 价格: $0.00000019 | 24h: +0.02%
💎 市值: $0 | 📊 交易量: $4
💧 流动性: $0 | 🔄 交易笔数: 2


📖 叙事: 📊 未分类 - 需要进一步观察
   ❓ 用途待明确
   关联: 🔧 Clanker平台发行
   社区: 👀 新发射，社区状态待观察
⏰ 创建时间: 2分钟前

🔗 DexScreener: https://dexscreener.com/base/0xb3e7616b285f5b43260d7c6f31178be591b80191af9a3d8988680b767d0e5b59

======================================================================
⚠️ 风险提示: Clanker/Bankr新币风险极高，以上数据仅供参考，DYOR
======================================================================

💾 报告已保存: /tmp/clanker_monitor_20260223_0400.txt
🔍 正在获取Clanker/Bankr最新代币...
✅ 找到 20 个Clanker/Bankr代币

📊 市场状态: 🌙 休眠模式 - 连续1次无活跃，4小时推一次
活跃代币: 0 | 貔貅过滤: 0
是否推送: ❌ 否

💤 静默中... 下次检查再决定
🔍 正在获取Clanker/Bankr最新代币...
✅ 找到 20 个Clanker/Bankr代币

📊 市场状态: 🔥 市场活跃 - 正常推送
活跃代币: 1 | 貔貅过滤: 0
是否推送: ✅ 是
🔍 正在获取Clanker/Bankr最新代币...
✅ 找到 20 个Clanker/Bankr代币
======================================================================
🦞 Clanker/Bankr 热门币TOP5
📅 2026-02-23 08:00:19
======================================================================

======================================================================
📋 热门币详细分析 (TOP5)
======================================================================


──────────────────────────────────────────────────────────────────────
#1 ClawWar  🔁【今日多次】
──────────────────────────────────────────────────────────────────────
💰 价格: $0.00000020 | 24h: +0.00%
💎 市值: $0 | 📊 交易量: $20
💧 流动性: $0 | 🔄 交易笔数: 1


📖 叙事: 🦞 OpenClaw生态 - Moltbook/Claw相关
   🔗 实用功能：AI代理经济系统
   关联: 🦞 OpenClaw生态关联 | 🔧 Clanker平台发行
   社区: 👀 新发射，社区状态待观察
⏰ 创建时间: 4分钟前

🔗 DexScreener: https://dexscreener.com/base/0xf9e8e6ed808be85d208d95fd2a7ae166689caa6cb5e1562cb1834061cfa7bf34

======================================================================
⚠️ 风险提示: Clanker/Bankr新币风险极高，以上数据仅供参考，DYOR
======================================================================

💾 报告已保存: /tmp/clanker_monitor_20260223_0800.txt
🔍 正在获取Clanker/Bankr最新代币...
✅ 找到 20 个Clanker/Bankr代币

📊 市场状态: 🌙 休眠模式 - 连续1次无活跃，4小时推一次
活跃代币: 0 | 貔貅过滤: 0
是否推送: ❌ 否

💤 静默中... 下次检查再决定
🔍 正在获取Clanker/Bankr最新代币...
✅ 找到 20 个Clanker/Bankr代币

📊 市场状态: 💤 深度休眠 - 连续2次无活跃，8小时推一次
活跃代币: 0 | 貔貅过滤: 0
是否推送: ❌ 否

💤 静默中... 下次检查再决定
🔍 正在获取Clanker/Bankr最新代币...
✅ 找到 20 个Clanker/Bankr代币

📊 市场状态: 💤 深度休眠 - 连续3次无活跃，8小时推一次
活跃代币: 0 | 貔貅过滤: 0
是否推送: ❌ 否

💤 静默中... 下次检查再决定
🔍 正在获取Clanker/Bankr最新代币...
✅ 找到 20 个Clanker/Bankr代币

📊 市场状态: 💤 深度休眠 - 连续4次无活跃，8小时推一次
活跃代币: 0 | 貔貅过滤: 0
是否推送: ❌ 否

💤 静默中... 下次检查再决定
🔍 正在获取Clanker/Bankr最新代币...
✅ 找到 20 个Clanker/Bankr代币

📊 市场状态: 💤 深度休眠 - 连续5次无活跃，8小时推一次
活跃代币: 0 | 貔貅过滤: 0
是否推送: ✅ 是
🔍 正在获取Clanker/Bankr最新代币...
✅ 找到 20 个Clanker/Bankr代币
📭 当前无活跃交易的Clanker/Bankr代币（交易量>0）

💾 报告已保存: /tmp/clanker_monitor_20260223_1800.txt
🔍 正在获取Clanker/Bankr最新代币...
✅ 找到 20 个Clanker/Bankr代币

📊 市场状态: 🔥 市场活跃 - 正常推送
活跃代币: 2 | 貔貅过滤: 0
是否推送: ✅ 是
🔍 正在获取Clanker/Bankr最新代币...
✅ 找到 20 个Clanker/Bankr代币
======================================================================
🦞 Clanker/Bankr 热门币TOP5
📅 2026-02-23 20:00:18
======================================================================

======================================================================
📋 热门币详细分析 (TOP5)
======================================================================


──────────────────────────────────────────────────────────────────────
#1 grokbook 🔁【今日多次】
──────────────────────────────────────────────────────────────────────
💰 价格: $0.00000020 | 24h: +0.11%
💎 市值: $0 | 📊 交易量: $96
💧 流动性: $0 | 🔄 交易笔数: 3


📖 叙事: 📊 未分类 - 需要进一步观察
   ❓ 用途待明确
   关联: 🔧 Clanker平台发行
   社区: 👀 新发射，社区状态待观察
⏰ 创建时间: 2分钟前

🔗 DexScreener: https://dexscreener.com/base/0x5eadb68094cb63dc8fcf2316d7d5becff54e3ed53e17d26059dea24d264cfd21

──────────────────────────────────────────────────────────────────────
#2 Grock-2 🔁【今日多次】
──────────────────────────────────────────────────────────────────────
💰 价格: $0.00000019 | 24h: +0.00%
💎 市值: $0 | 📊 交易量: $0
💧 流动性: $0 | 🔄 交易笔数: 1


📖 叙事: 📊 未分类 - 需要进一步观察
   ❓ 用途待明确
   关联: 🔧 Clanker平台发行
   社区: 👀 新发射，社区状态待观察
⏰ 创建时间: 3分钟前

🔗 DexScreener: https://dexscreener.com/base/0xad5a603b449a2672379c3d14a265bbc1e652fb7f846433a29d31d66548a45ba9

======================================================================
⚠️ 风险提示: Clanker/Bankr新币风险极高，以上数据仅供参考，DYOR
======================================================================

💾 报告已保存: /tmp/clanker_monitor_20260223_2000.txt
🔍 正在获取Clanker/Bankr最新代币...
✅ 找到 20 个Clanker/Bankr代币

📊 市场状态: 🔥 市场活跃 - 正常推送
活跃代币: 1 | 貔貅过滤: 0
是否推送: ✅ 是
🔍 正在获取Clanker/Bankr最新代币...
✅ 找到 20 个Clanker/Bankr代币
======================================================================
🦞 Clanker/Bankr 热门币TOP5
📅 2026-02-23 22:00:20
======================================================================

======================================================================
📋 热门币详细分析 (TOP5)
======================================================================


──────────────────────────────────────────────────────────────────────
#1 Q1 2026 🔁【今日多次】
──────────────────────────────────────────────────────────────────────
💰 价格: $0.00000031 | 24h: -31.88%
💎 市值: $0 | 📊 交易量: $3,338
💧 流动性: $0 | 🔄 交易笔数: 17


📖 叙事: 📊 未分类 - 需要进一步观察
   ❓ 用途待明确
   关联: 🏦 Bankr生态关联 | 🔧 Clanker平台发行
   社区: 👀 新发射，社区状态待观察
⏰ 创建时间: 3分钟前

🔗 DexScreener: https://dexscreener.com/base/0x219e2307ed9a21e7b92450cfa9c83c3ad02aca6e28d07497f57d6b02b2afad59

======================================================================
⚠️ 风险提示: Clanker/Bankr新币风险极高，以上数据仅供参考，DYOR
======================================================================

💾 报告已保存: /tmp/clanker_monitor_20260223_2200.txt
🔍 正在获取Clanker/Bankr最新代币...
✅ 找到 20 个Clanker/Bankr代币

📊 市场状态: 🌙 休眠模式 - 连续1次无活跃，4小时推一次
活跃代币: 0 | 貔貅过滤: 0
是否推送: ❌ 否

💤 静默中... 下次检查再决定
🔍 正在获取Clanker/Bankr最新代币...
✅ 找到 20 个Clanker/Bankr代币

📊 市场状态: 💤 深度休眠 - 连续2次无活跃，8小时推一次
活跃代币: 0 | 貔貅过滤: 0
是否推送: ❌ 否

💤 静默中... 下次检查再决定
🔍 正在获取Clanker/Bankr最新代币...
✅ 找到 20 个Clanker/Bankr代币

📊 市场状态: 🔥 市场活跃 - 正常推送
活跃代币: 4 | 貔貅过滤: 0
是否推送: ✅ 是
🔍 正在获取Clanker/Bankr最新代币...
✅ 找到 20 个Clanker/Bankr代币
======================================================================
🦞 Clanker/Bankr 热门币TOP5
📅 2026-02-24 04:00:21
======================================================================

======================================================================
📋 热门币详细分析 (TOP5)
======================================================================


──────────────────────────────────────────────────────────────────────
#1 SELF 🔁【今日多次】
──────────────────────────────────────────────────────────────────────
💰 价格: $0.00000018 | 24h: -1.66%
💎 市值: $0 | 📊 交易量: $6,909
💧 流动性: $0 | 🔄 交易笔数: 75


📖 叙事: 🤖 AI Agent - 自主执行任务的AI代理
   🔧 实用功能：通用AI任务执行
   关联: 🔧 Clanker平台发行
   社区: 👀 新发射，社区状态待观察
⏰ 创建时间: 6分钟前

🔗 DexScreener: https://dexscreener.com/base/0x2b1107daa297296af14880bf5ae9f39a1df5d3b29c878df2168c25799c48087d

──────────────────────────────────────────────────────────────────────
#2 LOBSNET 🔁【今日多次】
──────────────────────────────────────────────────────────────────────
💰 价格: $0.00000032 | 24h: +0.00%
💎 市值: $0 | 📊 交易量: $1,850
💧 流动性: $0 | 🔄 交易笔数: 1


📖 叙事: 🤖 AI Agent - 自主执行任务的AI代理
   🔧 实用功能：通用AI任务执行
   关联: 🔧 Clanker平台发行
   社区: 👀 新发射，社区状态待观察
⏰ 创建时间: 1分钟前

🔗 DexScreener: https://dexscreener.com/base/0x3c13d54a48220d72573d682e9dbc1dc3faca37253b1a754e5fea0eeab419992a

──────────────────────────────────────────────────────────────────────
#3 Mogged 🔁【今日多次】
──────────────────────────────────────────────────────────────────────
💰 价格: $0.00000024 | 24h: +0.14%
💎 市值: $0 | 📊 交易量: $463
💧 流动性: $0 | 🔄 交易笔数: 16


📖 叙事: 📊 未分类 - 需要进一步观察
   ❓ 用途待明确
   关联: 🔧 Clanker平台发行
   社区: 👀 新发射，社区状态待观察
⏰ 创建时间: 3分钟前

🔗 DexScreener: https://dexscreener.com/base/0x251510b47b4b92aa17ac6a46ec24f1d714279fc296cf7b7ccea130c67c700b77

======================================================================
⚠️ 风险提示: Clanker/Bankr新币风险极高，以上数据仅供参考，DYOR
======================================================================

💾 报告已保存: /tmp/clanker_monitor_20260224_0400.txt
🔍 正在获取Clanker/Bankr最新代币...
✅ 找到 20 个Clanker/Bankr代币

📊 市场状态: 🔥 市场活跃 - 正常推送
活跃代币: 1 | 貔貅过滤: 0
是否推送: ✅ 是
🔍 正在获取Clanker/Bankr最新代币...
✅ 找到 20 个Clanker/Bankr代币
======================================================================
🦞 Clanker/Bankr 热门币TOP5
📅 2026-02-24 06:00:20
======================================================================

======================================================================
📋 热门币详细分析 (TOP5)
======================================================================


──────────────────────────────────────────────────────────────────────
#1 ClawLett 🔁【今日多次】
──────────────────────────────────────────────────────────────────────
💰 价格: $0.00000019 | 24h: +0.00%
💎 市值: $0 | 📊 交易量: $41
💧 流动性: $0 | 🔄 交易笔数: 1


📖 叙事: 🤖 AI Agent - 自主执行任务的AI代理
   💼 实用功能：自动交易/市场分析
   关联: 🦞 OpenClaw生态关联 | 🔧 Clanker平台发行
   社区: 👀 新发射，社区状态待观察
⏰ 创建时间: 2分钟前

🔗 DexScreener: https://dexscreener.com/base/0xc1ed2f540e8c4d58afc36d1eb0ef67d267e92e5c7013dfd111d109e8ad8eb26c

======================================================================
⚠️ 风险提示: Clanker/Bankr新币风险极高，以上数据仅供参考，DYOR
======================================================================

💾 报告已保存: /tmp/clanker_monitor_20260224_0600.txt
🔍 正在获取Clanker/Bankr最新代币...
✅ 找到 20 个Clanker/Bankr代币

📊 市场状态: 🌙 休眠模式 - 连续1次无活跃，4小时推一次
活跃代币: 0 | 貔貅过滤: 0
是否推送: ❌ 否

💤 静默中... 下次检查再决定
🔍 正在获取Clanker/Bankr最新代币...
✅ 找到 20 个Clanker/Bankr代币

📊 市场状态: 🔥 市场活跃 - 正常推送
活跃代币: 1 | 貔貅过滤: 0
是否推送: ✅ 是
🔍 正在获取Clanker/Bankr最新代币...
✅ 找到 20 个Clanker/Bankr代币
======================================================================
🦞 Clanker/Bankr 热门币TOP5
📅 2026-02-24 10:00:18
======================================================================

======================================================================
📋 热门币详细分析 (TOP5)
======================================================================


──────────────────────────────────────────────────────────────────────
#1 SPONGE 🔁【今日多次】
──────────────────────────────────────────────────────────────────────
💰 价格: $0.00000029 | 24h: +42.51%
💎 市值: $0 | 📊 交易量: $4,654
💧 流动性: $0 | 🔄 交易笔数: 74


📖 叙事: 🤖 AI Agent - 自主执行任务的AI代理
   🔧 实用功能：通用AI任务执行
   关联: 🔧 Clanker平台发行
   社区: 👀 新发射，社区状态待观察
⏰ 创建时间: 5分钟前

🔗 DexScreener: https://dexscreener.com/base/0x5030d4968fd329cf14f2721e35a1628e29ccdf616051127bcc55c01c4a40e82c

======================================================================
⚠️ 风险提示: Clanker/Bankr新币风险极高，以上数据仅供参考，DYOR
======================================================================

💾 报告已保存: /tmp/clanker_monitor_20260224_1000.txt
🔍 正在获取Clanker/Bankr最新代币...
✅ 找到 20 个Clanker/Bankr代币

📊 市场状态: 🌙 休眠模式 - 连续1次无活跃，4小时推一次
活跃代币: 0 | 貔貅过滤: 0
是否推送: ❌ 否

💤 静默中... 下次检查再决定
🔍 正在获取Clanker/Bankr最新代币...
✅ 找到 20 个Clanker/Bankr代币

📊 市场状态: 💤 深度休眠 - 连续2次无活跃，8小时推一次
活跃代币: 0 | 貔貅过滤: 0
是否推送: ❌ 否

💤 静默中... 下次检查再决定
🔍 正在获取Clanker/Bankr最新代币...
✅ 找到 20 个Clanker/Bankr代币

📊 市场状态: 🔥 市场活跃 - 正常推送
活跃代币: 4 | 貔貅过滤: 0
是否推送: ✅ 是
🔍 正在获取Clanker/Bankr最新代币...
✅ 找到 20 个Clanker/Bankr代币
======================================================================
🦞 Clanker/Bankr 热门币TOP5
📅 2026-02-24 16:00:19
======================================================================

======================================================================
📋 热门币详细分析 (TOP5)
======================================================================


──────────────────────────────────────────────────────────────────────
#1 Baseclaw 🔁【今日多次】
──────────────────────────────────────────────────────────────────────
💰 价格: $0.00000018 | 24h: +0.00%
💎 市值: $0 | 📊 交易量: $0
💧 流动性: $0 | 🔄 交易笔数: 2


📖 叙事: 🦞 OpenClaw生态 - Moltbook/Claw相关
   🔗 实用功能：AI代理经济系统
   关联: 🦞 OpenClaw生态关联 | 🔧 Clanker平台发行
   社区: 👀 新发射，社区状态待观察
⏰ 创建时间: 3分钟前

🔗 DexScreener: https://dexscreener.com/base/0x2006b0fb89c0720f585307ea6a59beb82d52ce4f67908a1d3b1227e587b344af

──────────────────────────────────────────────────────────────────────
#2  VANYAI 🔁【今日多次】
──────────────────────────────────────────────────────────────────────
💰 价格: $0.00000018 | 24h: +0.00%
💎 市值: $0 | 📊 交易量: $0
💧 流动性: $0 | 🔄 交易笔数: 1


📖 叙事: 🤖 AI Agent - 自主执行任务的AI代理
   🔧 实用功能：通用AI任务执行
   关联: 🔧 Clanker平台发行
   社区: 👀 新发射，社区状态待观察
⏰ 创建时间: 2分钟前

🔗 DexScreener: https://dexscreener.com/base/0x1579ab90ee6bfa26609a6c2e8f4f9912fbc8bcc1eb2a7a12f9e35c001272be6b

──────────────────────────────────────────────────────────────────────
#3 SH 🔁【今日多次】
──────────────────────────────────────────────────────────────────────
💰 价格: $0.00000018 | 24h: +0.00%
💎 市值: $0 | 📊 交易量: $0
💧 流动性: $0 | 🔄 交易笔数: 1


📖 叙事: 📊 未分类 - 需要进一步观察
   ❓ 用途待明确
   关联: 🔧 Clanker平台发行
   社区: 👀 新发射，社区状态待观察
⏰ 创建时间: 6分钟前

🔗 DexScreener: https://dexscreener.com/base/0x073a5421a05a844dfac263b5da9519b28668645d857b8188278a7f70e17ec8df

======================================================================
⚠️ 风险提示: Clanker/Bankr新币风险极高，以上数据仅供参考，DYOR
======================================================================

💾 报告已保存: /tmp/clanker_monitor_20260224_1600.txt
🔍 正在获取Clanker/Bankr最新代币...
✅ 找到 20 个Clanker/Bankr代币

📊 市场状态: 🌙 休眠模式 - 连续1次无活跃，4小时推一次
活跃代币: 0 | 貔貅过滤: 0
是否推送: ❌ 否

💤 静默中... 下次检查再决定
🔍 正在获取Clanker/Bankr最新代币...
✅ 找到 20 个Clanker/Bankr代币

📊 市场状态: 🔥 市场活跃 - 正常推送
活跃代币: 1 | 貔貅过滤: 0
是否推送: ✅ 是
🔍 正在获取Clanker/Bankr最新代币...
✅ 找到 20 个Clanker/Bankr代币
======================================================================
🦞 Clanker/Bankr 热门币TOP5
📅 2026-02-24 20:00:18
======================================================================

======================================================================
📋 热门币详细分析 (TOP5)
======================================================================


──────────────────────────────────────────────────────────────────────
#1 SWFT 🔁【今日多次】
──────────────────────────────────────────────────────────────────────
💰 价格: $0.00000018 | 24h: +0.00%
💎 市值: $0 | 📊 交易量: $0
💧 流动性: $0 | 🔄 交易笔数: 1


📖 叙事: 📊 未分类 - 需要进一步观察
   ❓ 用途待明确
   关联: 🔧 Clanker平台发行
   社区: 👀 新发射，社区状态待观察
⏰ 创建时间: 7分钟前

🔗 DexScreener: https://dexscreener.com/base/0xa5e2c3796bf498abad3f0c148ef2f37e4dc1199b9943e8fccf552c5ff7949a88

======================================================================
⚠️ 风险提示: Clanker/Bankr新币风险极高，以上数据仅供参考，DYOR
======================================================================

💾 报告已保存: /tmp/clanker_monitor_20260224_2000.txt
🔍 正在获取Clanker/Bankr最新代币...
✅ 找到 20 个Clanker/Bankr代币

📊 市场状态: 🔥 市场活跃 - 正常推送
活跃代币: 3 | 貔貅过滤: 0
是否推送: ✅ 是
🔍 正在获取Clanker/Bankr最新代币...
✅ 找到 20 个Clanker/Bankr代币
======================================================================
🦞 Clanker/Bankr 热门币TOP5
📅 2026-02-24 22:00:19
======================================================================

======================================================================
📋 热门币详细分析 (TOP5)
======================================================================


──────────────────────────────────────────────────────────────────────
#1 ClawDock 🔁【今日多次】
──────────────────────────────────────────────────────────────────────
💰 价格: $0.00000018 | 24h: +0.00%
💎 市值: $0 | 📊 交易量: $1
💧 流动性: $0 | 🔄 交易笔数: 1


📖 叙事: 🦞 OpenClaw生态 - Moltbook/Claw相关
   🔗 实用功能：AI代理经济系统
   关联: 🦞 OpenClaw生态关联 | 🔧 Clanker平台发行
   社区: 👀 新发射，社区状态待观察
⏰ 创建时间: 6分钟前

🔗 DexScreener: https://dexscreener.com/base/0x08ab2255eec78d94c1c760f9b45f9d0e1a44514fc4fdf7a9aec4e8c85c05bf57

──────────────────────────────────────────────────────────────────────
#2 WLMA 🔁【今日多次】
──────────────────────────────────────────────────────────────────────
💰 价格: $0.00000289 | 24h: +0.01%
💎 市值: $0 | 📊 交易量: $0
💧 流动性: $266,135 | 🔄 交易笔数: 2


📖 叙事: 📊 未分类 - 需要进一步观察
   ❓ 用途待明确
   关联: 🔧 Clanker平台发行 | 💪 强调社区驱动
   社区: 👀 新发射，社区状态待观察
⏰ 创建时间: 5分钟前

🔗 DexScreener: https://dexscreener.com/base/0xcd828dfb8aecb930ff77b12adb73c58012adad1ce4c0d8799097e2a544028535

──────────────────────────────────────────────────────────────────────
#3 Supawcool 🔁【今日多次】
──────────────────────────────────────────────────────────────────────
💰 价格: $0.00000018 | 24h: +0.00%
💎 市值: $0 | 📊 交易量: $0
💧 流动性: $0 | 🔄 交易笔数: 1


📖 叙事: 📊 未分类 - 需要进一步观察
   ❓ 用途待明确
   关联: 🔧 Clanker平台发行
   社区: 👀 新发射，社区状态待观察
⏰ 创建时间: 3分钟前

🔗 DexScreener: https://dexscreener.com/base/0xdb759f4dd88cbaab490feb51569b6d2c7ede8bffa6f39e2dbec9e326c81a34db

======================================================================
⚠️ 风险提示: Clanker/Bankr新币风险极高，以上数据仅供参考，DYOR
======================================================================

💾 报告已保存: /tmp/clanker_monitor_20260224_2200.txt
🔍 正在获取Clanker/Bankr最新代币...
✅ 找到 20 个Clanker/Bankr代币

📊 市场状态: 🌙 休眠模式 - 连续1次无活跃，4小时推一次
活跃代币: 0 | 貔貅过滤: 0
是否推送: ❌ 否

💤 静默中... 下次检查再决定
