/bin/bash: line 1: node: command not found
/bin/bash: line 1: node: command not found
/bin/bash: line 1: node: command not found
/bin/bash: line 1: node: command not found
/bin/bash: line 1: node: command not found
/bin/bash: line 1: node: command not found
/bin/bash: line 1: node: command not found
/bin/bash: line 1: node: command not found
/bin/bash: line 1: node: command not found
/bin/bash: line 1: node: command not found
/bin/bash: line 1: node: command not found
/bin/bash: line 1: node: command not found
/bin/bash: line 1: node: command not found
/bin/bash: line 1: node: command not found
/bin/bash: line 1: node: command not found
/bin/bash: line 1: node: command not found
/bin/bash: line 1: node: command not found
/bin/bash: line 1: node: command not found
/bin/bash: line 1: node: command not found
/bin/bash: line 1: node: command not found
/bin/bash: line 1: node: command not found
/bin/bash: line 1: node: command not found
/bin/bash: line 1: node: command not found
/bin/bash: line 1: node: command not found
/bin/bash: line 1: node: command not found
/bin/bash: line 1: node: command not found
/bin/bash: line 1: node: command not found
/bin/bash: line 1: node: command not found
/bin/bash: line 1: node: command not found
/bin/bash: line 1: node: command not found
/bin/bash: line 1: node: command not found
/bin/bash: line 1: node: command not found
/bin/bash: line 1: node: command not found
/bin/bash: line 1: node: command not found
/bin/bash: line 1: node: command not found
/bin/bash: line 1: node: command not found
/bin/bash: line 1: node: command not found
/bin/bash: line 1: node: command not found
/bin/bash: line 1: node: command not found
/bin/bash: line 1: node: command not found
/bin/bash: line 1: node: command not found
/bin/bash: line 1: node: command not found
/bin/bash: line 1: node: command not found
/bin/bash: line 1: node: command not found
/bin/bash: line 1: node: command not found
/bin/bash: line 1: node: command not found
/bin/bash: line 1: node: command not found
/bin/bash: line 1: node: command not found
/bin/bash: line 1: node: command not found
/bin/bash: line 1: node: command not found
/bin/bash: line 1: node: command not found
/bin/bash: line 1: node: command not found
/bin/bash: line 1: node: command not found
/bin/bash: line 1: node: command not found
/bin/bash: line 1: node: command not found
/bin/bash: line 1: node: command not found
/bin/bash: line 1: node: command not found
/bin/bash: line 1: node: command not found
/bin/bash: line 1: node: command not found
/bin/bash: line 1: node: command not found
/bin/bash: line 1: node: command not found
/bin/bash: line 1: node: command not found
/bin/bash: line 1: node: command not found
/bin/bash: line 1: node: command not found
/bin/bash: line 1: node: command not found
/bin/bash: line 1: node: command not found
/bin/bash: line 1: node: command not found
/bin/bash: line 1: node: command not found
/bin/bash: line 1: node: command not found
/bin/bash: line 1: node: command not found
/bin/bash: line 1: node: command not found
/bin/bash: line 1: node: command not found
/bin/bash: line 1: node: command not found
/bin/bash: line 1: node: command not found
/bin/bash: line 1: node: command not found
/bin/bash: line 1: node: command not found
/bin/bash: line 1: node: command not found
/bin/bash: line 1: node: command not found
/bin/bash: line 1: node: command not found
/bin/bash: line 1: node: command not found
⏭️  跳过: binance_price.log (0天 < 7天)
⏭️  跳过: botcoin.log (0天 < 7天)
⏭️  跳过: clanker.log (0天 < 7天)
⏭️  跳过: compress.log (0天 < 7天)

📦 日志压缩
============================================================
📄 文件: cron_twitter_update.log
📊 原行数: 2
📅 年龄: >7天
------------------------------------------------------------
🧠 提取精华...
✨ 精华条目: 1 条
📉 压缩比: 1:2

📝 提取的精华:
   [2026-02-18 02:00:46] Twitter监控任务完成 - 成功更新4个账号共80条推文

💾 正在执行...
✅ 已追加到: MEMORY.md
✅ 已归档到: logs/archive/cron_twitter_update.log.2026-02-25.bak

✨ 压缩完成！
⏭️  跳过: evening.log (0天 < 7天)
⏭️  跳过: finance_news.log (0天 < 7天)
⏭️  跳过: git.log (0天 < 7天)
⏭️  跳过: innoscience_notice.log (0天 < 7天)
⏭️  跳过: innoscience_price.log (0天 < 7天)
⏭️  跳过: morning.log (0天 < 7天)
⏭️  跳过: price_update.log (0天 < 7天)
⏭️  跳过: twitter_auto.log (0天 < 7天)
⏭️  跳过: twitter_cookie.log (0天 < 7天)
⏭️  跳过: twitter.log (6天 < 7天)
⏭️  跳过: twitter_monitor.log (4天 < 7天)
⏭️  跳过: twitter_push.log (0天 < 7天)
⏭️  跳过: binance_price.log (0天 < 7天)
⏭️  跳过: botcoin.log (0天 < 7天)
⏭️  跳过: clanker.log (0天 < 7天)
⏭️  跳过: compress.log (0天 < 7天)
⏭️  跳过: evening.log (0天 < 7天)
⏭️  跳过: finance_news.log (0天 < 7天)
⏭️  跳过: git.log (0天 < 7天)
⏭️  跳过: innoscience_notice.log (0天 < 7天)
⏭️  跳过: innoscience_price.log (0天 < 7天)
⏭️  跳过: morning.log (0天 < 7天)
⏭️  跳过: price_update.log (0天 < 7天)
⏭️  跳过: twitter_auto.log (0天 < 7天)
⏭️  跳过: twitter_cookie.log (0天 < 7天)

📦 日志压缩
============================================================
📄 文件: twitter.log
📊 原行数: 417
📅 年龄: >7天
------------------------------------------------------------
🧠 提取精华...
✨ 精华条目: 0 条
📉 压缩比: 1:Infinity
⚠️  未找到有价值的信息，跳过
⏭️  跳过: twitter_monitor.log (5天 < 7天)
⏭️  跳过: twitter_push.log (0天 < 7天)
⏭️  跳过: binance_price.log (0天 < 7天)
⏭️  跳过: botcoin.log (0天 < 7天)
⏭️  跳过: clanker.log (0天 < 7天)
⏭️  跳过: compress.log (0天 < 7天)
⏭️  跳过: evening.log (0天 < 7天)
⏭️  跳过: finance_news.log (0天 < 7天)
⏭️  跳过: git.log (0天 < 7天)
⏭️  跳过: innoscience_notice.log (0天 < 7天)
⏭️  跳过: innoscience_price.log (0天 < 7天)
⏭️  跳过: morning.log (0天 < 7天)
⏭️  跳过: price_update.log (0天 < 7天)
⏭️  跳过: twitter_auto.log (0天 < 7天)
⏭️  跳过: twitter_cookie.log (0天 < 7天)

📦 日志压缩
============================================================
📄 文件: twitter.log
📊 原行数: 417
📅 年龄: >7天
------------------------------------------------------------
🧠 提取精华...
✨ 精华条目: 0 条
📉 压缩比: 1:Infinity
⚠️  未找到有价值的信息，跳过
⏭️  跳过: twitter_monitor.log (6天 < 7天)
⏭️  跳过: twitter_push.log (0天 < 7天)
⏭️  跳过: binance_price.log (0天 < 7天)
⏭️  跳过: botcoin.log (0天 < 7天)
⏭️  跳过: clanker.log (0天 < 7天)
⏭️  跳过: compress.log (0天 < 7天)
⏭️  跳过: evening.log (0天 < 7天)
⏭️  跳过: finance_news.log (0天 < 7天)
⏭️  跳过: git.log (0天 < 7天)
⏭️  跳过: innoscience_notice.log (1天 < 7天)
⏭️  跳过: innoscience_price.log (1天 < 7天)
⏭️  跳过: morning.log (0天 < 7天)
⏭️  跳过: price_update.log (0天 < 7天)
⏭️  跳过: twitter_auto.log (0天 < 7天)
⏭️  跳过: twitter_cookie.log (0天 < 7天)

📦 日志压缩
============================================================
📄 文件: twitter.log
📊 原行数: 417
📅 年龄: >7天
------------------------------------------------------------
🧠 提取精华...
✨ 精华条目: 0 条
📉 压缩比: 1:Infinity
⚠️  未找到有价值的信息，跳过

📦 日志压缩
============================================================
📄 文件: twitter_monitor.log
📊 原行数: 1861
📅 年龄: >7天
------------------------------------------------------------
🧠 提取精华...
✨ 精华条目: 20 条
📉 压缩比: 1:93

📝 提取的精华:
   [2026-02-21 12:03:32]    ✅ 获取 20 条推文
   [2026-02-21 12:03:35]    ✅ 获取 20 条推文
   [2026-02-21 12:03:39]    ✅ 获取 20 条推文
   [2026-02-21 12:03:42]    ✅ 获取 20 条推文
   [2026-02-21 12:03:43] ✅ 更新完成 - 本次获取 80 条推文
   [2026-02-21 12:03:43] 🕐 更新时间: 2026-02-21T12:03:43.498312
   [2026-02-21 14:03:28] 🐦 Twitter Dashboard 数据更新开始
   [2026-02-21 14:03:31]    ✅ 获取 20 条推文
   [2026-02-21 14:03:34]    ✅ 获取 20 条推文
   [2026-02-21 14:03:38]    ✅ 获取 20 条推文
   ... 还有 10 条

💾 正在执行...
✅ 已追加到: MEMORY.md
✅ 已归档到: logs/archive/twitter_monitor.log.2026-02-28.bak

✨ 压缩完成！
⏭️  跳过: twitter_push.log (0天 < 7天)
⏭️  跳过: binance_price.log (0天 < 7天)
⏭️  跳过: botcoin.log (0天 < 7天)
⏭️  跳过: clanker.log (0天 < 7天)
⏭️  跳过: compress.log (0天 < 7天)
⏭️  跳过: evening.log (0天 < 7天)
⏭️  跳过: finance_news.log (0天 < 7天)
⏭️  跳过: git.log (0天 < 7天)
⏭️  跳过: innoscience_notice.log (0天 < 7天)
⏭️  跳过: innoscience_price.log (2天 < 7天)
⏭️  跳过: morning.log (0天 < 7天)
⏭️  跳过: price_update.log (0天 < 7天)
⏭️  跳过: twitter_auto.log (0天 < 7天)
⏭️  跳过: twitter_cookie.log (0天 < 7天)

📦 日志压缩
============================================================
📄 文件: twitter.log
📊 原行数: 417
📅 年龄: >7天
------------------------------------------------------------
🧠 提取精华...
✨ 精华条目: 0 条
📉 压缩比: 1:Infinity
⚠️  未找到有价值的信息，跳过
⏭️  跳过: twitter_push.log (0天 < 7天)
⏭️  跳过: binance_price.log (0天 < 7天)
