============================================================
📊 每日监控报告 | 2026-02-17 18:30
============================================================

📌 🪙 XXYY.io Meme扫描
暂无数据


📌 🐦 Twitter监控
暂无数据


📌 📊 智通财经市场快讯
暂无数据


============================================================
📌 下次报告: 明天早上08:30
============================================================
============================================================
📊 每日监控报告 | 2026-02-18 18:30
============================================================

📌 🪙 XXYY.io Meme扫描
暂无数据


📌 🐦 Twitter监控
暂无数据


📌 📊 智通财经市场快讯
暂无数据


============================================================
📌 下次报告: 明天早上08:30
============================================================
============================================================
📊 每日监控报告 | 2026-02-19 18:30
============================================================

📌 🪙 XXYY.io Meme扫描
暂无数据


📌 🐦 Twitter监控
暂无数据


📌 📊 智通财经市场快讯
暂无数据


============================================================
📌 下次报告: 明天早上08:30
============================================================
============================================================
📊 每日监控报告 | 2026-02-20 18:30
============================================================

📌 🪙 XXYY.io Meme扫描
暂无数据


📌 🐦 Twitter监控
暂无数据


📌 📊 智通财经市场快讯
暂无数据


============================================================
📌 下次报告: 明天早上08:30
============================================================
============================================================
📊 每日监控报告 | 2026-02-21 18:30
============================================================

📌 🪙 XXYY.io Meme扫描
暂无数据


📌 🐦 Twitter监控
暂无数据


📌 📊 智通财经市场快讯
暂无数据


============================================================
📌 下次报告: 明天早上08:30
============================================================
============================================================
📊 每日监控报告 | 2026-02-22 18:30
============================================================

📌 🪙 XXYY.io Meme扫描
暂无数据


📌 🐦 Twitter监控
暂无数据


📌 📊 智通财经市场快讯
暂无数据


============================================================
📌 下次报告: 明天早上08:30
============================================================
============================================================
📊 每日监控报告 | 2026-02-23 18:30
============================================================

📌 🪙 XXYY.io Meme扫描
暂无数据


📌 🐦 Twitter监控
暂无数据


📌 📊 智通财经市场快讯
暂无数据


============================================================
📌 下次报告: 明天早上08:30
============================================================
============================================================
📊 每日监控报告 | 2026-02-24 18:30
============================================================

📌 🪙 XXYY.io Meme扫描
暂无数据


📌 🐦 Twitter监控
暂无数据


📌 📊 智通财经市场快讯
暂无数据


============================================================
📌 下次报告: 明天早上08:30
============================================================
============================================================
📊 每日监控报告 | 2026-02-25 18:30
============================================================

📌 🪙 XXYY.io Meme扫描
暂无数据


📌 🐦 Twitter监控
暂无数据


📌 📊 智通财经市场快讯
暂无数据


============================================================
📌 下次报告: 明天早上08:30
============================================================
==================================================
🌙 生成龙虾晚报...
==================================================
🔄 获取收盘数据...
❌ 获取 SPX 失败: list index out of range

💾 已保存: /tmp/evening_report_1830.txt

📱 推送到 Telegram...
✅ Telegram 推送成功
✅ 晚报推送完成!

==================================================
🌙 *龙虾晚报* | 02/26 Thu
⏰ `18:30` 北京时间

*📊 美股收盘*
  📈 纳斯达克: 23,152 (+1.26%)
  📈 道琼斯: 49,482 (+0.63%)
  📈 标普500: 6,946 (+0.81%)

*🇭🇰 港股收盘*
  📉 恒生科技: 5,109 (-2.87%)
  📈 英诺赛科: 69.50 (+2.21%)

*₿ 加密货币*
  🟢 BTC: $68,332 (+4.54%)
  🟢 ETH: $2,067 (+8.06%)

*🐦 Twitter今日动态*
  今日抓取 11 次

*📅 明日关注*
  · 美股科技股走势
  · 存储芯片涨价动态
  · 英伟达后续影响
  · 港股南向资金流向
