
🚀 开始抓取财经新闻... 2026-02-17 12:00
============================================================
❌ 智通财经获取失败: HTTPSConnectionPool(host='www.zhitongcaijing.com',
✅ 新浪财经: 5 条
❌ 财联社获取失败: Expecting value: line 1 column 1 (char 0)

📊 总计: 5 条不重复新闻

💾 已保存: /root/.openclaw/workspace/lobster-workspace/dashboard/data/finance_news.json

✅ 财经新闻聚合完成!

🚀 开始抓取财经新闻... 2026-02-17 13:00
============================================================
✅ 智通财经: 5 条
✅ 新浪财经: 5 条
❌ 财联社获取失败: Expecting value: line 1 column 1 (char 0)

📊 总计: 10 条不重复新闻

💾 已保存: /root/.openclaw/workspace/lobster-workspace/dashboard/data/finance_news.json

✅ 财经新闻聚合完成!

🚀 开始抓取财经新闻... 2026-02-17 14:00
============================================================
❌ 智通财经获取失败: HTTPSConnectionPool(host='www.zhitongcaijing.com',
✅ 新浪财经: 5 条
❌ 财联社获取失败: HTTPSConnectionPool(host='www.cls.cn', port=443): 

📊 总计: 5 条不重复新闻

💾 已保存: /root/.openclaw/workspace/lobster-workspace/dashboard/data/finance_news.json

✅ 财经新闻聚合完成!

🚀 开始抓取财经新闻... 2026-02-17 15:00
============================================================
❌ 智通财经获取失败: HTTPSConnectionPool(host='www.zhitongcaijing.com',
✅ 新浪财经: 5 条
❌ 财联社获取失败: Expecting value: line 1 column 1 (char 0)

📊 总计: 5 条不重复新闻

💾 已保存: /root/.openclaw/workspace/lobster-workspace/dashboard/data/finance_news.json

✅ 财经新闻聚合完成!

🚀 开始抓取财经新闻... 2026-02-17 16:00
============================================================
✅ 智通财经: 5 条
✅ 新浪财经: 5 条
❌ 财联社获取失败: Expecting value: line 1 column 1 (char 0)

📊 总计: 9 条不重复新闻

💾 已保存: /root/.openclaw/workspace/lobster-workspace/dashboard/data/finance_news.json

✅ 财经新闻聚合完成!

🚀 开始抓取财经新闻... 2026-02-17 17:00
============================================================
✅ 智通财经: 5 条
✅ 新浪财经: 5 条
❌ 财联社获取失败: Expecting value: line 1 column 1 (char 0)

📊 总计: 10 条不重复新闻

💾 已保存: /root/.openclaw/workspace/lobster-workspace/dashboard/data/finance_news.json

✅ 财经新闻聚合完成!

🚀 开始抓取财经新闻... 2026-02-17 18:00
============================================================
✅ 智通财经: 5 条
❌ 新浪财经获取失败: HTTPSConnectionPool(host='feed.sina.com.cn', port=
❌ 财联社获取失败: Expecting value: line 1 column 1 (char 0)

📊 总计: 5 条不重复新闻

💾 已保存: /root/.openclaw/workspace/lobster-workspace/dashboard/data/finance_news.json

✅ 财经新闻聚合完成!

🚀 开始抓取财经新闻... 2026-02-17 19:00
============================================================
❌ 智通财经获取失败: HTTPSConnectionPool(host='www.zhitongcaijing.com',
✅ 新浪财经: 5 条
❌ 财联社获取失败: Expecting value: line 1 column 1 (char 0)

📊 总计: 5 条不重复新闻

💾 已保存: /root/.openclaw/workspace/lobster-workspace/dashboard/data/finance_news.json

✅ 财经新闻聚合完成!

🚀 开始抓取财经新闻... 2026-02-17 20:00
============================================================
❌ 智通财经获取失败: HTTPSConnectionPool(host='www.zhitongcaijing.com',
✅ 新浪财经: 5 条
❌ 财联社获取失败: HTTPSConnectionPool(host='www.cls.cn', port=443): 

📊 总计: 5 条不重复新闻

💾 已保存: /root/.openclaw/workspace/lobster-workspace/dashboard/data/finance_news.json

✅ 财经新闻聚合完成!

🚀 开始抓取财经新闻... 2026-02-17 21:00
============================================================
✅ 智通财经: 5 条
✅ 新浪财经: 5 条
❌ 财联社获取失败: Expecting value: line 1 column 1 (char 0)

📊 总计: 10 条不重复新闻

💾 已保存: /root/.openclaw/workspace/lobster-workspace/dashboard/data/finance_news.json

✅ 财经新闻聚合完成!

🚀 开始抓取财经新闻... 2026-02-17 22:00
============================================================
❌ 智通财经获取失败: HTTPSConnectionPool(host='www.zhitongcaijing.com',
✅ 新浪财经: 5 条
❌ 财联社获取失败: Expecting value: line 1 column 1 (char 0)

📊 总计: 5 条不重复新闻

💾 已保存: /root/.openclaw/workspace/lobster-workspace/dashboard/data/finance_news.json

✅ 财经新闻聚合完成!

🚀 开始抓取财经新闻... 2026-02-17 23:00
============================================================
✅ 智通财经: 5 条
✅ 新浪财经: 5 条
❌ 财联社获取失败: Expecting value: line 1 column 1 (char 0)

📊 总计: 10 条不重复新闻

💾 已保存: /root/.openclaw/workspace/lobster-workspace/dashboard/data/finance_news.json

✅ 财经新闻聚合完成!

🚀 开始抓取财经新闻... 2026-02-18 00:00
============================================================
✅ 智通财经: 5 条
✅ 新浪财经: 5 条
❌ 财联社获取失败: Expecting value: line 1 column 1 (char 0)

📊 总计: 10 条不重复新闻

💾 已保存: /root/.openclaw/workspace/lobster-workspace/dashboard/data/finance_news.json

✅ 财经新闻聚合完成!

🚀 开始抓取财经新闻... 2026-02-18 01:00
============================================================
✅ 智通财经: 5 条
✅ 新浪财经: 5 条
❌ 财联社获取失败: Expecting value: line 1 column 1 (char 0)

📊 总计: 10 条不重复新闻

💾 已保存: /root/.openclaw/workspace/lobster-workspace/dashboard/data/finance_news.json

✅ 财经新闻聚合完成!

🚀 开始抓取财经新闻... 2026-02-18 02:00
============================================================
❌ 智通财经获取失败: HTTPSConnectionPool(host='www.zhitongcaijing.com',
✅ 新浪财经: 5 条
❌ 财联社获取失败: Expecting value: line 1 column 1 (char 0)

📊 总计: 5 条不重复新闻

💾 已保存: /root/.openclaw/workspace/lobster-workspace/dashboard/data/finance_news.json

✅ 财经新闻聚合完成!

🚀 开始抓取财经新闻... 2026-02-18 03:00
============================================================
✅ 智通财经: 5 条
✅ 新浪财经: 5 条
❌ 财联社获取失败: Expecting value: line 1 column 1 (char 0)

📊 总计: 10 条不重复新闻

💾 已保存: /root/.openclaw/workspace/lobster-workspace/dashboard/data/finance_news.json

✅ 财经新闻聚合完成!

🚀 开始抓取财经新闻... 2026-02-18 04:00
============================================================
❌ 智通财经获取失败: HTTPSConnectionPool(host='www.zhitongcaijing.com',
✅ 新浪财经: 5 条
❌ 财联社获取失败: HTTPSConnectionPool(host='www.cls.cn', port=443): 

📊 总计: 5 条不重复新闻

💾 已保存: /root/.openclaw/workspace/lobster-workspace/dashboard/data/finance_news.json

✅ 财经新闻聚合完成!

🚀 开始抓取财经新闻... 2026-02-18 05:00
============================================================
✅ 智通财经: 5 条
✅ 新浪财经: 5 条
❌ 财联社获取失败: Expecting value: line 1 column 1 (char 0)

📊 总计: 10 条不重复新闻

💾 已保存: /root/.openclaw/workspace/lobster-workspace/dashboard/data/finance_news.json

✅ 财经新闻聚合完成!

🚀 开始抓取财经新闻... 2026-02-18 06:00
============================================================
❌ 智通财经获取失败: HTTPSConnectionPool(host='www.zhitongcaijing.com',
✅ 新浪财经: 5 条
❌ 财联社获取失败: Expecting value: line 1 column 1 (char 0)

📊 总计: 5 条不重复新闻

💾 已保存: /root/.openclaw/workspace/lobster-workspace/dashboard/data/finance_news.json

✅ 财经新闻聚合完成!

🚀 开始抓取财经新闻... 2026-02-18 07:00
============================================================
✅ 智通财经: 5 条
✅ 新浪财经: 5 条
❌ 财联社获取失败: Expecting value: line 1 column 1 (char 0)

📊 总计: 10 条不重复新闻

💾 已保存: /root/.openclaw/workspace/lobster-workspace/dashboard/data/finance_news.json

✅ 财经新闻聚合完成!

🚀 开始抓取财经新闻... 2026-02-18 08:00
============================================================
✅ 智通财经: 5 条
❌ 新浪财经获取失败: ('Connection aborted.', RemoteDisconnected('Remote
❌ 财联社获取失败: Expecting value: line 1 column 1 (char 0)

📊 总计: 5 条不重复新闻

💾 已保存: /root/.openclaw/workspace/lobster-workspace/dashboard/data/finance_news.json

✅ 财经新闻聚合完成!

🚀 开始抓取财经新闻... 2026-02-18 09:00
============================================================
✅ 智通财经: 5 条
✅ 新浪财经: 5 条
❌ 财联社获取失败: HTTPSConnectionPool(host='www.cls.cn', port=443): 

📊 总计: 10 条不重复新闻

💾 已保存: /root/.openclaw/workspace/lobster-workspace/dashboard/data/finance_news.json

✅ 财经新闻聚合完成!

🚀 开始抓取财经新闻... 2026-02-18 10:00
============================================================
✅ 智通财经: 5 条
✅ 新浪财经: 5 条
❌ 财联社获取失败: Expecting value: line 1 column 1 (char 0)

📊 总计: 10 条不重复新闻

💾 已保存: /root/.openclaw/workspace/lobster-workspace/dashboard/data/finance_news.json

✅ 财经新闻聚合完成!

🚀 开始抓取财经新闻... 2026-02-18 11:00
============================================================
✅ 智通财经: 5 条
✅ 新浪财经: 5 条
❌ 财联社获取失败: Expecting value: line 1 column 1 (char 0)

📊 总计: 10 条不重复新闻

💾 已保存: /root/.openclaw/workspace/lobster-workspace/dashboard/data/finance_news.json

✅ 财经新闻聚合完成!

🚀 开始抓取财经新闻... 2026-02-18 12:00
============================================================
✅ 智通财经: 5 条
✅ 新浪财经: 5 条
❌ 财联社获取失败: Expecting value: line 1 column 1 (char 0)

📊 总计: 10 条不重复新闻

💾 已保存: /root/.openclaw/workspace/lobster-workspace/dashboard/data/finance_news.json

✅ 财经新闻聚合完成!

🚀 开始抓取财经新闻... 2026-02-18 13:00
============================================================
❌ 智通财经获取失败: HTTPSConnectionPool(host='www.zhitongcaijing.com',
✅ 新浪财经: 5 条
❌ 财联社获取失败: Expecting value: line 1 column 1 (char 0)

📊 总计: 5 条不重复新闻

💾 已保存: /root/.openclaw/workspace/lobster-workspace/dashboard/data/finance_news.json

✅ 财经新闻聚合完成!

🚀 开始抓取财经新闻... 2026-02-18 14:00
============================================================
❌ 智通财经获取失败: HTTPSConnectionPool(host='www.zhitongcaijing.com',
✅ 新浪财经: 5 条
❌ 财联社获取失败: Expecting value: line 1 column 1 (char 0)

📊 总计: 5 条不重复新闻

💾 已保存: /root/.openclaw/workspace/lobster-workspace/dashboard/data/finance_news.json

✅ 财经新闻聚合完成!

🚀 开始抓取财经新闻... 2026-02-18 15:00
============================================================
✅ 智通财经: 5 条
✅ 新浪财经: 5 条
❌ 财联社获取失败: Expecting value: line 1 column 1 (char 0)

📊 总计: 10 条不重复新闻

💾 已保存: /root/.openclaw/workspace/lobster-workspace/dashboard/data/finance_news.json

✅ 财经新闻聚合完成!

🚀 开始抓取财经新闻... 2026-02-18 16:00
============================================================
✅ 智通财经: 5 条
✅ 新浪财经: 5 条
❌ 财联社获取失败: Expecting value: line 1 column 1 (char 0)

📊 总计: 10 条不重复新闻

💾 已保存: /root/.openclaw/workspace/lobster-workspace/dashboard/data/finance_news.json

✅ 财经新闻聚合完成!

🚀 开始抓取财经新闻... 2026-02-18 17:00
============================================================
❌ 智通财经获取失败: HTTPSConnectionPool(host='www.zhitongcaijing.com',
✅ 新浪财经: 5 条
❌ 财联社获取失败: Expecting value: line 1 column 1 (char 0)

📊 总计: 5 条不重复新闻

💾 已保存: /root/.openclaw/workspace/lobster-workspace/dashboard/data/finance_news.json

✅ 财经新闻聚合完成!

🚀 开始抓取财经新闻... 2026-02-18 18:00
============================================================
✅ 智通财经: 5 条
✅ 新浪财经: 5 条
❌ 财联社获取失败: Expecting value: line 1 column 1 (char 0)

📊 总计: 10 条不重复新闻

💾 已保存: /root/.openclaw/workspace/lobster-workspace/dashboard/data/finance_news.json

✅ 财经新闻聚合完成!

🚀 开始抓取财经新闻... 2026-02-18 19:00
============================================================
✅ 智通财经: 5 条
✅ 新浪财经: 5 条
❌ 财联社获取失败: Expecting value: line 1 column 1 (char 0)

📊 总计: 10 条不重复新闻

💾 已保存: /root/.openclaw/workspace/lobster-workspace/dashboard/data/finance_news.json

✅ 财经新闻聚合完成!

🚀 开始抓取财经新闻... 2026-02-18 20:00
============================================================
❌ 智通财经获取失败: HTTPSConnectionPool(host='www.zhitongcaijing.com',
❌ 新浪财经获取失败: HTTPSConnectionPool(host='feed.sina.com.cn', port=
❌ 财联社获取失败: Expecting value: line 1 column 1 (char 0)

📊 总计: 0 条不重复新闻

💾 已保存: /root/.openclaw/workspace/lobster-workspace/dashboard/data/finance_news.json

✅ 财经新闻聚合完成!

🚀 开始抓取财经新闻... 2026-02-18 21:00
============================================================
❌ 智通财经获取失败: HTTPSConnectionPool(host='www.zhitongcaijing.com',
✅ 新浪财经: 5 条
❌ 财联社获取失败: Expecting value: line 1 column 1 (char 0)

📊 总计: 5 条不重复新闻

💾 已保存: /root/.openclaw/workspace/lobster-workspace/dashboard/data/finance_news.json

✅ 财经新闻聚合完成!

🚀 开始抓取财经新闻... 2026-02-18 22:00
============================================================
❌ 智通财经获取失败: HTTPSConnectionPool(host='www.zhitongcaijing.com',
✅ 新浪财经: 5 条
❌ 财联社获取失败: Expecting value: line 1 column 1 (char 0)

📊 总计: 5 条不重复新闻

💾 已保存: /root/.openclaw/workspace/lobster-workspace/dashboard/data/finance_news.json

✅ 财经新闻聚合完成!

🚀 开始抓取财经新闻... 2026-02-18 23:00
============================================================
✅ 智通财经: 5 条
✅ 新浪财经: 5 条
❌ 财联社获取失败: Expecting value: line 1 column 1 (char 0)

📊 总计: 10 条不重复新闻

💾 已保存: /root/.openclaw/workspace/lobster-workspace/dashboard/data/finance_news.json

✅ 财经新闻聚合完成!

🚀 开始抓取财经新闻... 2026-02-19 00:00
============================================================
✅ 智通财经: 5 条
✅ 新浪财经: 5 条
❌ 财联社获取失败: Expecting value: line 1 column 1 (char 0)

📊 总计: 10 条不重复新闻

💾 已保存: /root/.openclaw/workspace/lobster-workspace/dashboard/data/finance_news.json

✅ 财经新闻聚合完成!

🚀 开始抓取财经新闻... 2026-02-19 01:00
============================================================
✅ 智通财经: 5 条
✅ 新浪财经: 5 条
❌ 财联社获取失败: Expecting value: line 1 column 1 (char 0)

📊 总计: 10 条不重复新闻

💾 已保存: /root/.openclaw/workspace/lobster-workspace/dashboard/data/finance_news.json

✅ 财经新闻聚合完成!

🚀 开始抓取财经新闻... 2026-02-19 02:00
============================================================
✅ 智通财经: 5 条
✅ 新浪财经: 5 条
❌ 财联社获取失败: HTTPSConnectionPool(host='www.cls.cn', port=443): 

📊 总计: 10 条不重复新闻

💾 已保存: /root/.openclaw/workspace/lobster-workspace/dashboard/data/finance_news.json

✅ 财经新闻聚合完成!

🚀 开始抓取财经新闻... 2026-02-19 03:00
============================================================
✅ 智通财经: 5 条
✅ 新浪财经: 5 条
❌ 财联社获取失败: Expecting value: line 1 column 1 (char 0)

📊 总计: 10 条不重复新闻

💾 已保存: /root/.openclaw/workspace/lobster-workspace/dashboard/data/finance_news.json

✅ 财经新闻聚合完成!

🚀 开始抓取财经新闻... 2026-02-19 04:00
============================================================
✅ 智通财经: 5 条
✅ 新浪财经: 5 条
❌ 财联社获取失败: Expecting value: line 1 column 1 (char 0)

📊 总计: 10 条不重复新闻

💾 已保存: /root/.openclaw/workspace/lobster-workspace/dashboard/data/finance_news.json

✅ 财经新闻聚合完成!

🚀 开始抓取财经新闻... 2026-02-19 05:00
============================================================
✅ 智通财经: 5 条
✅ 新浪财经: 5 条
❌ 财联社获取失败: Expecting value: line 1 column 1 (char 0)

📊 总计: 10 条不重复新闻

💾 已保存: /root/.openclaw/workspace/lobster-workspace/dashboard/data/finance_news.json

✅ 财经新闻聚合完成!

🚀 开始抓取财经新闻... 2026-02-19 06:00
============================================================
✅ 智通财经: 5 条
✅ 新浪财经: 5 条
❌ 财联社获取失败: Expecting value: line 1 column 1 (char 0)

📊 总计: 10 条不重复新闻

💾 已保存: /root/.openclaw/workspace/lobster-workspace/dashboard/data/finance_news.json

✅ 财经新闻聚合完成!

🚀 开始抓取财经新闻... 2026-02-19 07:00
============================================================
❌ 智通财经获取失败: HTTPSConnectionPool(host='www.zhitongcaijing.com',
✅ 新浪财经: 5 条
❌ 财联社获取失败: Expecting value: line 1 column 1 (char 0)

📊 总计: 5 条不重复新闻

💾 已保存: /root/.openclaw/workspace/lobster-workspace/dashboard/data/finance_news.json

✅ 财经新闻聚合完成!

🚀 开始抓取财经新闻... 2026-02-19 08:00
============================================================
✅ 智通财经: 5 条
✅ 新浪财经: 5 条
❌ 财联社获取失败: Expecting value: line 1 column 1 (char 0)

📊 总计: 10 条不重复新闻

💾 已保存: /root/.openclaw/workspace/lobster-workspace/dashboard/data/finance_news.json

✅ 财经新闻聚合完成!

🚀 开始抓取财经新闻... 2026-02-19 09:00
============================================================
✅ 智通财经: 5 条
❌ 新浪财经获取失败: ('Connection aborted.', ConnectionResetError(104, 
❌ 财联社获取失败: Expecting value: line 1 column 1 (char 0)

📊 总计: 5 条不重复新闻

💾 已保存: /root/.openclaw/workspace/lobster-workspace/dashboard/data/finance_news.json

✅ 财经新闻聚合完成!

🚀 开始抓取财经新闻... 2026-02-19 10:00
============================================================
❌ 智通财经获取失败: HTTPSConnectionPool(host='www.zhitongcaijing.com',
✅ 新浪财经: 5 条
❌ 财联社获取失败: Expecting value: line 1 column 1 (char 0)

📊 总计: 5 条不重复新闻

💾 已保存: /root/.openclaw/workspace/lobster-workspace/dashboard/data/finance_news.json

✅ 财经新闻聚合完成!

🚀 开始抓取财经新闻... 2026-02-19 11:00
============================================================
❌ 智通财经获取失败: HTTPSConnectionPool(host='www.zhitongcaijing.com',
✅ 新浪财经: 5 条
❌ 财联社获取失败: Expecting value: line 1 column 1 (char 0)

📊 总计: 5 条不重复新闻

💾 已保存: /root/.openclaw/workspace/lobster-workspace/dashboard/data/finance_news.json

✅ 财经新闻聚合完成!
🚀 抓取新闻... 12:00
✅ 更新 4 条 (数据中心: 2 条)
🚀 抓取新闻... 12:30
✅ 更新 9 条 (数据中心: 1 条)
🚀 抓取新闻... 13:00
✅ 更新 9 条 (数据中心: 1 条)
🚀 抓取新闻... 13:30
✅ 更新 9 条 (数据中心: 1 条)
🚀 抓取新闻... 14:00
✅ 更新 9 条 (数据中心: 1 条)
🚀 抓取新闻... 14:30
✅ 更新 9 条 (数据中心: 1 条)
🚀 抓取新闻... 15:00
✅ 更新 9 条 (数据中心: 1 条)
🚀 抓取新闻... 15:30
✅ 更新 9 条 (数据中心: 1 条)
🚀 抓取新闻... 16:00
✅ 更新 10 条 (数据中心: 0 条)
🚀 抓取新闻... 16:30
✅ 更新 10 条 (数据中心: 0 条)
🚀 抓取新闻... 17:00
✅ 更新 7 条 (数据中心: 0 条)
🚀 抓取新闻... 17:30
✅ 更新 10 条 (数据中心: 0 条)
🚀 抓取新闻... 18:00
✅ 更新 7 条 (数据中心: 0 条)
🚀 抓取新闻... 18:30
✅ 更新 10 条 (数据中心: 0 条)
🚀 抓取新闻... 19:00
✅ 更新 10 条 (数据中心: 0 条)
🚀 抓取新闻... 19:30
✅ 更新 10 条 (数据中心: 0 条)
🚀 抓取新闻... 20:00
✅ 更新 7 条 (数据中心: 0 条)
🚀 抓取新闻... 20:30
✅ 更新 10 条 (数据中心: 0 条)
🚀 抓取新闻... 21:00
✅ 更新 7 条 (数据中心: 0 条)
🚀 抓取新闻... 21:30
✅ 更新 10 条 (数据中心: 0 条)
🚀 抓取新闻... 22:00
✅ 更新 7 条 (数据中心: 0 条)
🚀 抓取新闻... 22:30
✅ 更新 10 条 (数据中心: 0 条)
🚀 抓取新闻... 23:00
✅ 更新 6 条 (数据中心: 0 条)
🚀 抓取新闻... 23:30
✅ 更新 9 条 (数据中心: 1 条)
🚀 抓取新闻... 00:00
✅ 更新 9 条 (数据中心: 1 条)
🚀 抓取新闻... 00:30
✅ 更新 10 条 (数据中心: 0 条)
🚀 抓取新闻... 01:00
✅ 更新 7 条 (数据中心: 0 条)
🚀 抓取新闻... 01:30
✅ 更新 10 条 (数据中心: 0 条)
🚀 抓取新闻... 02:00
✅ 更新 10 条 (数据中心: 0 条)
🚀 抓取新闻... 02:30
✅ 更新 10 条 (数据中心: 0 条)
🚀 抓取新闻... 03:00
✅ 更新 10 条 (数据中心: 0 条)
🚀 抓取新闻... 03:30
✅ 更新 6 条 (数据中心: 0 条)
🚀 抓取新闻... 04:00
✅ 更新 6 条 (数据中心: 0 条)
🚀 抓取新闻... 04:30
✅ 更新 10 条 (数据中心: 0 条)
🚀 抓取新闻... 05:00
✅ 更新 7 条 (数据中心: 0 条)
🚀 抓取新闻... 05:30
✅ 更新 7 条 (数据中心: 0 条)
🚀 抓取新闻... 06:00
✅ 更新 9 条 (数据中心: 1 条)
🚀 抓取新闻... 06:30
✅ 更新 9 条 (数据中心: 1 条)
🚀 抓取新闻... 07:00
✅ 更新 7 条 (数据中心: 0 条)
🚀 抓取新闻... 07:30
✅ 更新 10 条 (数据中心: 0 条)
🚀 抓取新闻... 08:00
✅ 更新 10 条 (数据中心: 0 条)
🚀 抓取新闻... 08:30
✅ 更新 10 条 (数据中心: 0 条)
🚀 抓取新闻... 09:00
✅ 更新 7 条 (数据中心: 0 条)
🚀 抓取新闻... 09:30
✅ 更新 10 条 (数据中心: 0 条)
🚀 抓取新闻... 10:00
✅ 更新 8 条 (数据中心: 2 条)
🚀 抓取新闻... 10:30
✅ 更新 7 条 (数据中心: 0 条)
🚀 抓取新闻... 11:00
✅ 更新 9 条 (数据中心: 1 条)
🚀 抓取新闻... 11:30
✅ 更新 10 条 (数据中心: 0 条)
🚀 抓取新闻... 12:00
✅ 更新 10 条 (数据中心: 0 条)
🚀 抓取新闻... 12:30
✅ 更新 10 条 (数据中心: 0 条)
🚀 抓取新闻... 13:00
✅ 更新 10 条 (数据中心: 0 条)
🚀 抓取新闻... 13:30
✅ 更新 10 条 (数据中心: 0 条)
🚀 抓取新闻... 14:00
✅ 更新 10 条 (数据中心: 0 条)
🚀 抓取新闻... 14:30
✅ 更新 7 条 (数据中心: 0 条)
🚀 抓取新闻... 15:00
✅ 更新 7 条 (数据中心: 0 条)
🚀 抓取新闻... 15:30
✅ 更新 10 条 (数据中心: 0 条)
🚀 抓取新闻... 16:00
✅ 更新 10 条 (数据中心: 0 条)
🚀 抓取新闻... 16:30
✅ 更新 9 条 (数据中心: 1 条)
🚀 抓取新闻... 17:00
✅ 更新 9 条 (数据中心: 1 条)
🚀 抓取新闻... 17:30
✅ 更新 10 条 (数据中心: 0 条)
🚀 抓取新闻... 18:00
✅ 更新 7 条 (数据中心: 0 条)
🚀 抓取新闻... 18:30
✅ 更新 9 条 (数据中心: 1 条)
🚀 抓取新闻... 19:00
✅ 更新 9 条 (数据中心: 1 条)
🚀 抓取新闻... 19:30
✅ 更新 5 条 (数据中心: 1 条)
🚀 抓取新闻... 20:00
✅ 更新 5 条 (数据中心: 1 条)
🚀 抓取新闻... 20:30
✅ 更新 9 条 (数据中心: 1 条)
🚀 抓取新闻... 21:00
✅ 更新 9 条 (数据中心: 1 条)
🚀 抓取新闻... 21:30
✅ 更新 9 条 (数据中心: 1 条)
🚀 抓取新闻... 22:00
✅ 更新 7 条 (数据中心: 0 条)
🚀 抓取新闻... 22:30
✅ 更新 7 条 (数据中心: 0 条)
🚀 抓取新闻... 23:00
✅ 更新 5 条 (数据中心: 1 条)
🚀 抓取新闻... 23:30
✅ 更新 10 条 (数据中心: 0 条)
🚀 抓取新闻... 00:00
✅ 更新 10 条 (数据中心: 0 条)
🚀 抓取新闻... 00:30
✅ 更新 7 条 (数据中心: 0 条)
🚀 抓取新闻... 01:00
✅ 更新 10 条 (数据中心: 0 条)
🚀 抓取新闻... 01:30
✅ 更新 10 条 (数据中心: 0 条)
🚀 抓取新闻... 02:00
✅ 更新 10 条 (数据中心: 0 条)
🚀 抓取新闻... 02:30
✅ 更新 7 条 (数据中心: 0 条)
🚀 抓取新闻... 03:00
✅ 更新 10 条 (数据中心: 0 条)
🚀 抓取新闻... 03:30
✅ 更新 10 条 (数据中心: 0 条)
🚀 抓取新闻... 04:00
✅ 更新 10 条 (数据中心: 0 条)
🚀 抓取新闻... 04:30
✅ 更新 10 条 (数据中心: 0 条)
🚀 抓取新闻... 05:00
✅ 更新 10 条 (数据中心: 0 条)
🚀 抓取新闻... 05:30
✅ 更新 9 条 (数据中心: 1 条)
🚀 抓取新闻... 06:00
✅ 更新 9 条 (数据中心: 1 条)
🚀 抓取新闻... 06:30
✅ 更新 10 条 (数据中心: 0 条)
🚀 抓取新闻... 07:00
✅ 更新 10 条 (数据中心: 0 条)
🚀 抓取新闻... 07:30
✅ 更新 9 条 (数据中心: 1 条)
🚀 抓取新闻... 08:00
✅ 更新 9 条 (数据中心: 1 条)
🚀 抓取新闻... 08:30
✅ 更新 7 条 (数据中心: 0 条)
🚀 抓取新闻... 09:00
✅ 更新 9 条 (数据中心: 1 条)
🚀 抓取新闻... 09:30
✅ 更新 9 条 (数据中心: 1 条)
🚀 抓取新闻... 10:00
✅ 更新 9 条 (数据中心: 1 条)
🚀 抓取新闻... 10:30
✅ 更新 9 条 (数据中心: 1 条)
🚀 抓取新闻... 11:00
✅ 更新 9 条 (数据中心: 1 条)
🚀 抓取新闻... 11:30
✅ 更新 10 条 (数据中心: 0 条)
🚀 抓取新闻... 12:00
✅ 更新 9 条 (数据中心: 1 条)
🚀 抓取新闻... 12:30
✅ 更新 7 条 (数据中心: 0 条)
🚀 抓取新闻... 13:00
✅ 更新 7 条 (数据中心: 0 条)
🚀 抓取新闻... 13:30
✅ 更新 9 条 (数据中心: 1 条)
🚀 抓取新闻... 14:00
✅ 更新 9 条 (数据中心: 1 条)
🚀 抓取新闻... 14:30
✅ 更新 9 条 (数据中心: 1 条)
🚀 抓取新闻... 15:00
✅ 更新 10 条 (数据中心: 0 条)
🚀 抓取新闻... 15:30
✅ 更新 6 条 (数据中心: 0 条)
🚀 抓取新闻... 16:00
✅ 更新 9 条 (数据中心: 1 条)
🚀 抓取新闻... 16:30
✅ 更新 7 条 (数据中心: 0 条)
🚀 抓取新闻... 17:00
✅ 更新 7 条 (数据中心: 0 条)
🚀 抓取新闻... 17:30
✅ 更新 6 条 (数据中心: 0 条)
🚀 抓取新闻... 18:00
✅ 更新 7 条 (数据中心: 0 条)
🚀 抓取新闻... 18:30
✅ 更新 9 条 (数据中心: 1 条)
🚀 抓取新闻... 19:00
✅ 更新 9 条 (数据中心: 1 条)
🚀 抓取新闻... 19:30
✅ 更新 9 条 (数据中心: 1 条)
🚀 抓取新闻... 20:00
✅ 更新 9 条 (数据中心: 1 条)
🚀 抓取新闻... 20:30
✅ 更新 9 条 (数据中心: 1 条)
🚀 抓取新闻... 21:00
✅ 更新 9 条 (数据中心: 1 条)
🚀 抓取新闻... 21:30
✅ 更新 9 条 (数据中心: 1 条)
🚀 抓取新闻... 22:00
✅ 更新 9 条 (数据中心: 1 条)
🚀 抓取新闻... 22:30
✅ 更新 9 条 (数据中心: 1 条)
🚀 抓取新闻... 23:00
✅ 更新 9 条 (数据中心: 1 条)
🚀 抓取新闻... 23:30
✅ 更新 5 条 (数据中心: 1 条)
