=================================================================
📊 英诺赛科及上游供应商实时股价
⏰ 更新时间: 2026-02-17 09:15:01
=================================================================
股票         现价         涨跌       涨幅       业务                  
-----------------------------------------------------------------
🦞英诺赛科      ¥62.8       -0.70   📉 -1.10%  GaN功率芯片             
-----------------------------------------------------------------
三安光电       ¥15.91      +0.20   📈 +1.27%  GaN衬底/外延            
中国铝业       ¥12.69      -0.52   📉 -3.94%  金属镓原材料              
北方华创       ¥486.12    +11.07   📈 +2.33%  MOCVD设备             
南大光电       ¥53.9       -0.19   📉 -0.35%  特气MO源               
蓝晓科技       ¥68.88      -1.21   📉 -1.73%  镓提取树脂               
中微公司       ¥344.5      -0.50   📉 -0.14%  MOCVD设备             
华润微        ¥59.77      -2.44   📉 -3.92%  功率半导体               
=================================================================
📈 上涨: 2 | 📉 下跌: 6 | ➖ 平盘: 0


🚨 预警提醒:
  📉 中国铝业 异常波动: -3.94%
  📉 华润微 异常波动: -3.92%
=================================================================
📊 英诺赛科及上游供应商实时股价
⏰ 更新时间: 2026-02-18 09:15:01
=================================================================
股票         现价         涨跌       涨幅       业务                  
-----------------------------------------------------------------
🦞英诺赛科      ¥62.8       -0.70   📉 -1.10%  GaN功率芯片             
-----------------------------------------------------------------
三安光电       ¥15.91      +0.20   📈 +1.27%  GaN衬底/外延            
中国铝业       ¥12.69      -0.52   📉 -3.94%  金属镓原材料              
北方华创       ¥486.12    +11.07   📈 +2.33%  MOCVD设备             
南大光电       ¥53.9       -0.19   📉 -0.35%  特气MO源               
蓝晓科技       ¥68.88      -1.21   📉 -1.73%  镓提取树脂               
中微公司       ¥344.5      -0.50   📉 -0.14%  MOCVD设备             
华润微        ¥59.77      -2.44   📉 -3.92%  功率半导体               
=================================================================
📈 上涨: 2 | 📉 下跌: 6 | ➖ 平盘: 0


🚨 预警提醒:
  📉 中国铝业 异常波动: -3.94%
  📉 华润微 异常波动: -3.92%
=================================================================
📊 英诺赛科及上游供应商实时股价
⏰ 更新时间: 2026-02-19 09:15:01
=================================================================
股票         现价         涨跌       涨幅       业务                  
-----------------------------------------------------------------
🦞英诺赛科      ¥62.8       -0.70   📉 -1.10%  GaN功率芯片             
-----------------------------------------------------------------
三安光电       ¥15.91      +0.20   📈 +1.27%  GaN衬底/外延            
中国铝业       ¥12.69      -0.52   📉 -3.94%  金属镓原材料              
北方华创       ¥486.12    +11.07   📈 +2.33%  MOCVD设备             
南大光电       ¥53.9       -0.19   📉 -0.35%  特气MO源               
蓝晓科技       ¥68.88      -1.21   📉 -1.73%  镓提取树脂               
中微公司       ¥344.5      -0.50   📉 -0.14%  MOCVD设备             
华润微        ¥59.77      -2.44   📉 -3.92%  功率半导体               
=================================================================
📈 上涨: 2 | 📉 下跌: 6 | ➖ 平盘: 0


🚨 预警提醒:
  📉 中国铝业 异常波动: -3.94%
  📉 华润微 异常波动: -3.92%
=================================================================
📊 英诺赛科及上游供应商实时股价
⏰ 更新时间: 2026-02-20 09:15:02
=================================================================
股票         现价         涨跌       涨幅       业务                  
-----------------------------------------------------------------
🦞英诺赛科      ¥62.8       -0.70   📉 -1.10%  GaN功率芯片             
-----------------------------------------------------------------
三安光电       ¥15.91      +0.20   📈 +1.27%  GaN衬底/外延            
中国铝业       ¥12.69      -0.52   📉 -3.94%  金属镓原材料              
北方华创       ¥486.12    +11.07   📈 +2.33%  MOCVD设备             
南大光电       ¥53.9       -0.19   📉 -0.35%  特气MO源               
蓝晓科技       ¥68.88      -1.21   📉 -1.73%  镓提取树脂               
中微公司       ¥344.5      -0.50   📉 -0.14%  MOCVD设备             
华润微        ¥59.77      -2.44   📉 -3.92%  功率半导体               
=================================================================
📈 上涨: 2 | 📉 下跌: 6 | ➖ 平盘: 0


🚨 预警提醒:
  📉 中国铝业 异常波动: -3.94%
  📉 华润微 异常波动: -3.92%
=================================================================
📊 英诺赛科及上游供应商实时股价
⏰ 更新时间: 2026-02-23 09:15:01
=================================================================
股票         现价         涨跌       涨幅       业务                  
-----------------------------------------------------------------
🦞英诺赛科      ¥61.6       -1.20   📉 -1.91%  GaN功率芯片             
-----------------------------------------------------------------
三安光电       ¥15.91      +0.20   📈 +1.27%  GaN衬底/外延            
中国铝业       ¥12.69      -0.52   📉 -3.94%  金属镓原材料              
北方华创       ¥486.12    +11.07   📈 +2.33%  MOCVD设备             
南大光电       ¥53.9       -0.19   📉 -0.35%  特气MO源               
蓝晓科技       ¥68.88      -1.21   📉 -1.73%  镓提取树脂               
中微公司       ¥344.5      -0.50   📉 -0.14%  MOCVD设备             
华润微        ¥59.77      -2.44   📉 -3.92%  功率半导体               
=================================================================
📈 上涨: 2 | 📉 下跌: 6 | ➖ 平盘: 0


🚨 预警提醒:
  📉 中国铝业 异常波动: -3.94%
  📉 华润微 异常波动: -3.92%
=================================================================
📊 英诺赛科及上游供应商实时股价
⏰ 更新时间: 2026-02-24 09:15:02
=================================================================
股票         现价         涨跌       涨幅       业务                  
-----------------------------------------------------------------
🦞英诺赛科      ¥67.8       +6.20   📈 +10.06%  GaN功率芯片             
-----------------------------------------------------------------
三安光电       ¥15.91      +0.00   ➖ +0.00%  GaN衬底/外延            
中国铝业       ¥12.69      +0.00   ➖ +0.00%  金属镓原材料              
北方华创       ¥488.0      +1.88   📈 +0.39%  MOCVD设备             
南大光电       ¥53.91      +0.01   📈 +0.02%  特气MO源               
蓝晓科技       ¥68.88      +0.00   ➖ +0.00%  镓提取树脂               
中微公司       ¥344.5      +0.00   ➖ +0.00%  MOCVD设备             
华润微        ¥59.77      +0.00   ➖ +0.00%  功率半导体               
=================================================================
📈 上涨: 3 | 📉 下跌: 0 | ➖ 平盘: 5

=================================================================
📊 英诺赛科及上游供应商实时股价
⏰ 更新时间: 2026-02-25 09:15:01
=================================================================
股票         现价         涨跌       涨幅       业务                  
-----------------------------------------------------------------
🦞英诺赛科      ¥68.65      +0.00   ➖ +0.00%  GaN功率芯片             
-----------------------------------------------------------------
三安光电       ¥15.68      +0.00   ➖ +0.00%  GaN衬底/外延            
中国铝业       ¥12.96      +0.00   ➖ +0.00%  金属镓原材料              
北方华创       ¥490.0      +2.67   📈 +0.55%  MOCVD设备             
南大光电       ¥55.85      +0.00   ➖ +0.00%  特气MO源               
蓝晓科技       ¥69.9       +0.00   ➖ +0.00%  镓提取树脂               
中微公司       ¥352.0      +0.00   ➖ +0.00%  MOCVD设备             
华润微        ¥58.71      +0.00   ➖ +0.00%  功率半导体               
=================================================================
📈 上涨: 1 | 📉 下跌: 0 | ➖ 平盘: 7

=================================================================
📊 英诺赛科及上游供应商实时股价
⏰ 更新时间: 2026-02-26 09:15:02
=================================================================
股票         现价         涨跌       涨幅       业务                  
-----------------------------------------------------------------
🦞英诺赛科      ¥68.0       -0.65   📉 -0.95%  GaN功率芯片             
-----------------------------------------------------------------
三安光电       ¥15.58      +0.00   ➖ +0.00%  GaN衬底/外延            
中国铝业       ¥13.53      +0.00   ➖ +0.00%  金属镓原材料              
北方华创       ¥496.0      +0.00   ➖ +0.00%  MOCVD设备             
南大光电       ¥57.58      +0.00   ➖ +0.00%  特气MO源               
蓝晓科技       ¥69.53      +0.00   ➖ +0.00%  镓提取树脂               
中微公司       ¥369.1      +0.00   ➖ +0.00%  MOCVD设备             
华润微        ¥59.81      +0.00   ➖ +0.00%  功率半导体               
=================================================================
📈 上涨: 0 | 📉 下跌: 1 | ➖ 平盘: 7

=================================================================
📊 英诺赛科及上游供应商实时股价
⏰ 更新时间: 2026-02-27 09:15:02
=================================================================
股票         现价         涨跌       涨幅       业务                  
-----------------------------------------------------------------
🦞英诺赛科      ¥69.5       +1.50   📈 +2.21%  GaN功率芯片             
-----------------------------------------------------------------
三安光电       ¥16.18      +0.00   ➖ +0.00%  GaN衬底/外延            
中国铝业       ¥13.17      -0.29   📉 -2.15%  金属镓原材料              
北方华创       ¥488.88     +0.00   ➖ +0.00%  MOCVD设备             
南大光电       ¥57.12      +0.00   ➖ +0.00%  特气MO源               
蓝晓科技       ¥73.99      +0.00   ➖ +0.00%  镓提取树脂               
中微公司       ¥367.3      +0.00   ➖ +0.00%  MOCVD设备             
华润微        ¥59.5       +0.00   ➖ +0.00%  功率半导体               
=================================================================
📈 上涨: 1 | 📉 下跌: 1 | ➖ 平盘: 6

=================================================================
📊 英诺赛科及上游供应商实时股价
⏰ 更新时间: 2026-03-02 09:15:02
=================================================================
股票         现价         涨跌       涨幅       业务                  
-----------------------------------------------------------------
🦞英诺赛科      ¥68.3       -1.20   📉 -1.73%  GaN功率芯片             
-----------------------------------------------------------------
三安光电       ¥16.7       +0.00   ➖ +0.00%  GaN衬底/外延            
中国铝业       ¥13.72      +0.00   ➖ +0.00%  金属镓原材料              
北方华创       ¥471.88     +0.00   ➖ +0.00%  MOCVD设备             
南大光电       ¥56.91      +0.00   ➖ +0.00%  特气MO源               
蓝晓科技       ¥74.71      +0.00   ➖ +0.00%  镓提取树脂               
中微公司       ¥352.66     +0.00   ➖ +0.00%  MOCVD设备             
华润微        ¥57.1       +0.00   ➖ +0.00%  功率半导体               
=================================================================
📈 上涨: 0 | 📉 下跌: 1 | ➖ 平盘: 7

=================================================================
📊 英诺赛科及上游供应商实时股价
⏰ 更新时间: 2026-03-03 09:15:02
=================================================================
股票         现价         涨跌       涨幅       业务                  
-----------------------------------------------------------------
🦞英诺赛科      ¥63.45      +0.00   ➖ +0.00%  GaN功率芯片             
-----------------------------------------------------------------
三安光电       ¥16.26      +0.00   ➖ +0.00%  GaN衬底/外延            
中国铝业       ¥14.27      +0.00   ➖ +0.00%  金属镓原材料              
北方华创       ¥467.17     +1.37   📈 +0.29%  MOCVD设备             
南大光电       ¥55.35      +0.00   ➖ +0.00%  特气MO源               
蓝晓科技       ¥74.17      +0.00   ➖ +0.00%  镓提取树脂               
中微公司       ¥349.14     +0.00   ➖ +0.00%  MOCVD设备             
华润微        ¥55.37      +0.00   ➖ +0.00%  功率半导体               
=================================================================
📈 上涨: 1 | 📉 下跌: 0 | ➖ 平盘: 7

=================================================================
📊 英诺赛科及上游供应商实时股价
⏰ 更新时间: 2026-03-04 09:15:02
=================================================================
股票         现价         涨跌       涨幅       业务                  
-----------------------------------------------------------------
🦞英诺赛科      ¥60.05      -3.40   📉 -5.36%  GaN功率芯片             
-----------------------------------------------------------------
三安光电       ¥14.7       +0.00   ➖ +0.00%  GaN衬底/外延            
中国铝业       ¥13.97      +0.00   ➖ +0.00%  金属镓原材料              
北方华创       ¥440.03     -6.13   📉 -1.37%  MOCVD设备             
南大光电       ¥51.14      +0.00   ➖ +0.00%  特气MO源               
蓝晓科技       ¥75.5       +0.00   ➖ +0.00%  镓提取树脂               
中微公司       ¥333.5      +0.00   ➖ +0.00%  MOCVD设备             
华润微        ¥52.36      +0.00   ➖ +0.00%  功率半导体               
=================================================================
📈 上涨: 0 | 📉 下跌: 2 | ➖ 平盘: 6

=================================================================
📊 英诺赛科及上游供应商实时股价
⏰ 更新时间: 2026-03-05 09:15:02
=================================================================
股票         现价         涨跌       涨幅       业务                  
-----------------------------------------------------------------
🦞英诺赛科      ¥60.0       -0.05   📉 -0.08%  GaN功率芯片             
-----------------------------------------------------------------
三安光电       ¥14.66      +0.00   ➖ +0.00%  GaN衬底/外延            
中国铝业       ¥15.9       +1.45   📈 +10.03%  金属镓原材料              
北方华创       ¥451.63     +2.83   📈 +0.63%  MOCVD设备             
南大光电       ¥51.35      +0.40   📈 +0.79%  特气MO源               
蓝晓科技       ¥75.2       +0.00   ➖ +0.00%  镓提取树脂               
中微公司       ¥332.74     +0.00   ➖ +0.00%  MOCVD设备             
华润微        ¥51.2       +0.00   ➖ +0.00%  功率半导体               
=================================================================
📈 上涨: 3 | 📉 下跌: 1 | ➖ 平盘: 4


🚨 预警提醒:
  📈 中国铝业 异常波动: +10.03%
