Traceback (most recent call last):
  File "/root/.openclaw/workspace/lobster-workspace/lobster_morning_briefing.py", line 11, in <module>
    from monty_analyzer import analyze_portfolio
  File "/root/.openclaw/workspace/lobster-workspace/monty_analyzer.py", line 7, in <module>
    import pydantic_monty
ModuleNotFoundError: No module named 'pydantic_monty'
Traceback (most recent call last):
  File "/root/.openclaw/workspace/lobster-workspace/lobster_morning_briefing.py", line 11, in <module>
    from monty_analyzer import analyze_portfolio
  File "/root/.openclaw/workspace/lobster-workspace/monty_analyzer.py", line 7, in <module>
    import pydantic_monty
ModuleNotFoundError: No module named 'pydantic_monty'
Traceback (most recent call last):
  File "/root/.openclaw/workspace/lobster-workspace/lobster_morning_briefing.py", line 11, in <module>
    from monty_analyzer import analyze_portfolio
  File "/root/.openclaw/workspace/lobster-workspace/monty_analyzer.py", line 7, in <module>
    import pydantic_monty
ModuleNotFoundError: No module named 'pydantic_monty'
Traceback (most recent call last):
  File "/root/.openclaw/workspace/lobster-workspace/lobster_morning_briefing.py", line 11, in <module>
    from monty_analyzer import analyze_portfolio
  File "/root/.openclaw/workspace/lobster-workspace/monty_analyzer.py", line 7, in <module>
    import pydantic_monty
ModuleNotFoundError: No module named 'pydantic_monty'
Traceback (most recent call last):
  File "/root/.openclaw/workspace/lobster-workspace/lobster_morning_briefing.py", line 11, in <module>
    from monty_analyzer import analyze_portfolio
  File "/root/.openclaw/workspace/lobster-workspace/monty_analyzer.py", line 7, in <module>
    import pydantic_monty
ModuleNotFoundError: No module named 'pydantic_monty'
Traceback (most recent call last):
  File "/root/.openclaw/workspace/lobster-workspace/lobster_morning_briefing.py", line 11, in <module>
    from monty_analyzer import analyze_portfolio
  File "/root/.openclaw/workspace/lobster-workspace/monty_analyzer.py", line 7, in <module>
    import pydantic_monty
ModuleNotFoundError: No module named 'pydantic_monty'
Traceback (most recent call last):
  File "/root/.openclaw/workspace/lobster-workspace/lobster_morning_briefing.py", line 11, in <module>
    from monty_analyzer import analyze_portfolio
  File "/root/.openclaw/workspace/lobster-workspace/monty_analyzer.py", line 7, in <module>
    import pydantic_monty
ModuleNotFoundError: No module named 'pydantic_monty'
Traceback (most recent call last):
  File "/root/.openclaw/workspace/lobster-workspace/lobster_morning_briefing.py", line 11, in <module>
    from monty_analyzer import analyze_portfolio
  File "/root/.openclaw/workspace/lobster-workspace/monty_analyzer.py", line 7, in <module>
    import pydantic_monty
ModuleNotFoundError: No module named 'pydantic_monty'
🌅 龙虾早报 | Morning Briefing
📅 2026年02月25日 Wednesday
⏰ 08:30 北京时间
============================================================

📊 市场概况
----------------------------------------
美股:
  📈 DOW: +0.5%
  📈 NASDAQ: +1.2%
  📈 SP500: +0.8%

币圈:
  • BTC: $48,500 (+2.1%)
  • ETH: $2,650 (+1.8%)
  • DOGE: $0.085 (+5.2%)

市场情绪: BULLISH

📅 关键事件
----------------------------------------
  📅 NVTS财报: 2月24日（13天后）
  📅 美联储利率决议: 关注通胀数据
  🚀 SpaceX发射计划: 待定

🤖 Monty AI 投资组合分析
----------------------------------------
💰 总市值: $35,780.00
📊 平均波动率: 75.8%
⚠️ 整体风险: 高风险
📈 风险分布:
   高风险: $20,120.00
   中风险: $15,660.00
   低风险: $0.00
🏭 行业分布:
   半导体: 3只
   科技: 1只

👀 今日关注
----------------------------------------
  🔍 英诺赛科南向资金流向
  🔍 纳微半导体行业动态
  🔍 Base链新币机会
  🔍 马斯克推文监控

🦞 龙虾提醒
----------------------------------------
  • 财报季来临，注意波动风险
  • 监控南向资金流向变化
  • 新币投资需谨慎，注意貔貅风险

✅ 今日任务
----------------------------------------
  □ 06:00 晨间简报 ✓
  □ 每小时检查马斯克推文
  □ 每3小时监控Pow's Gem Calls
  □ 每3小时监控@jdhasoptions
  □ 每2小时监控Clanker/Bankr
  □ 22:00 美股学习日报

============================================================
🦞 自主创造 by 龙虾Agent
💪 新的一天，创造价值！

💾 早报已保存: /tmp/lobster_morning_briefing.txt
🌅 龙虾早报 | Morning Briefing
📅 2026年02月26日 Thursday
⏰ 08:30 北京时间
============================================================

📊 市场概况
----------------------------------------
美股:
  📈 DOW: +0.5%
  📈 NASDAQ: +1.2%
  📈 SP500: +0.8%

币圈:
  • BTC: $48,500 (+2.1%)
  • ETH: $2,650 (+1.8%)
  • DOGE: $0.085 (+5.2%)

市场情绪: BULLISH

📅 关键事件
----------------------------------------
  📅 NVTS财报: 2月24日（13天后）
  📅 美联储利率决议: 关注通胀数据
  🚀 SpaceX发射计划: 待定

🤖 Monty AI 投资组合分析
----------------------------------------
💰 总市值: $35,780.00
📊 平均波动率: 75.8%
⚠️ 整体风险: 高风险
📈 风险分布:
   高风险: $20,120.00
   中风险: $15,660.00
   低风险: $0.00
🏭 行业分布:
   半导体: 3只
   科技: 1只

👀 今日关注
----------------------------------------
  🔍 英诺赛科南向资金流向
  🔍 纳微半导体行业动态
  🔍 Base链新币机会
  🔍 马斯克推文监控

🦞 龙虾提醒
----------------------------------------
  • 财报季来临，注意波动风险
  • 监控南向资金流向变化
  • 新币投资需谨慎，注意貔貅风险

✅ 今日任务
----------------------------------------
  □ 06:00 晨间简报 ✓
  □ 每小时检查马斯克推文
  □ 每3小时监控Pow's Gem Calls
  □ 每3小时监控@jdhasoptions
  □ 每2小时监控Clanker/Bankr
  □ 22:00 美股学习日报

============================================================
🦞 自主创造 by 龙虾Agent
💪 新的一天，创造价值！

💾 早报已保存: /tmp/lobster_morning_briefing.txt
