🔄 获取实时数据...
✅ 纳斯达克: 22,753.63 (+0.78%)
✅ 恒生科技: 5,367.52 (+0.13%)
✅ 英诺赛科: 62.80 (-1.10%)
✅ 已部署 (02/19 11:20)
🔄 获取实时数据...
✅ 纳斯达克: 22,753.63 (+0.78%)
✅ 恒生科技: 5,367.52 (+0.13%)
✅ 英诺赛科: 62.80 (-1.10%)
✅ 已部署 (02/19 11:25)
🔄 获取实时数据...
✅ 纳斯达克: 22,753.63 (+0.78%)
✅ 恒生科技: 5,367.52 (+0.13%)
✅ 英诺赛科: 62.80 (-1.10%)
✅ 已部署 (02/19 11:30)
🔄 获取实时数据...
✅ 纳斯达克: 22,753.63 (+0.78%)
✅ 恒生科技: 5,367.52 (+0.13%)
✅ 英诺赛科: 62.80 (-1.10%)
✅ 已部署 (02/19 11:35)
🔄 获取实时数据...
✅ 纳斯达克: 22,753.63 (+0.78%)
✅ 恒生科技: 5,367.52 (+0.13%)
✅ 英诺赛科: 62.80 (-1.10%)
✅ 已部署 (02/19 11:40)
🔄 获取实时数据...
✅ 纳斯达克: 22,753.63 (+0.78%)
✅ 恒生科技: 5,367.52 (+0.13%)
✅ 英诺赛科: 62.80 (-1.10%)
✅ 已部署 (02/19 11:45)
🔄 获取实时数据...
✅ 纳斯达克: 22,753.63 (+0.78%)
✅ 恒生科技: 5,367.52 (+0.13%)
✅ 英诺赛科: 62.80 (-1.10%)
✅ 已部署 (02/19 11:50)
🔄 获取实时数据...
✅ 纳斯达克: 22,753.63 (+0.78%)
✅ 恒生科技: 5,367.52 (+0.13%)
✅ 英诺赛科: 62.80 (-1.10%)
✅ 已部署 (02/19 11:55)
🔄 获取实时数据...
✅ 纳斯达克: 22,753.63 (+0.78%)
✅ 恒生科技: 5,367.52 (+0.13%)
✅ 英诺赛科: 62.80 (-1.10%)
✅ 已部署 (02/19 12:00)
🔄 获取实时数据...
✅ 纳斯达克: 22,753.63 (+0.78%)
✅ 恒生科技: 5,367.52 (+0.13%)
✅ 英诺赛科: 62.80 (-1.10%)
✅ 已部署 (02/19 12:05)
🔄 获取实时数据...
✅ 纳斯达克: 22,753.63 (+0.78%)
✅ 恒生科技: 5,367.52 (+0.13%)
✅ 英诺赛科: 62.80 (-1.10%)
✅ 已部署 (02/19 12:10)
🔄 获取实时数据...
✅ 纳斯达克: 22,753.63 (+0.78%)
✅ 恒生科技: 5,367.52 (+0.13%)
✅ 英诺赛科: 62.80 (-1.10%)
✅ 已部署 (02/19 12:15)
🔄 获取实时数据...
✅ 纳斯达克: 22,753.63 (+0.78%)
✅ 恒生科技: 5,367.52 (+0.13%)
✅ 英诺赛科: 62.80 (-1.10%)
✅ 已部署 (02/19 12:20)
🔄 获取实时数据...
✅ 纳斯达克: 22,753.63 (+0.78%)
✅ 恒生科技: 5,367.52 (+0.13%)
✅ 英诺赛科: 62.80 (-1.10%)
✅ 已部署 (02/19 12:25)
🔄 获取实时数据...
✅ 纳斯达克: 22,753.63 (+0.78%)
✅ 恒生科技: 5,367.52 (+0.13%)
✅ 英诺赛科: 62.80 (-1.10%)
✅ 已部署 (02/19 12:30)
🔄 获取实时数据...
✅ 纳斯达克: 22,753.63 (+0.78%)
✅ 恒生科技: 5,367.52 (+0.13%)
✅ 英诺赛科: 62.80 (-1.10%)
✅ 已部署 (02/19 12:35)
🔄 获取实时数据...
✅ 纳斯达克: 22,753.63 (+0.78%)
✅ 恒生科技: 5,367.52 (+0.13%)
✅ 英诺赛科: 62.80 (-1.10%)
✅ 已部署 (02/19 12:40)
🔄 获取实时数据...
✅ 纳斯达克: 22,753.63 (+0.78%)
✅ 恒生科技: 5,367.52 (+0.13%)
✅ 英诺赛科: 62.80 (-1.10%)
✅ 已部署 (02/19 12:45)
🔄 获取实时数据...
✅ 纳斯达克: 22,753.63 (+0.78%)
✅ 恒生科技: 5,367.52 (+0.13%)
✅ 英诺赛科: 62.80 (-1.10%)
✅ 已部署 (02/19 12:50)
🔄 获取实时数据...
✅ 纳斯达克: 22,753.63 (+0.78%)
✅ 恒生科技: 5,367.52 (+0.13%)
✅ 英诺赛科: 62.80 (-1.10%)
✅ 已部署 (02/19 12:55)
🔄 获取实时数据...
✅ 纳斯达克: 22,753.63 (+0.78%)
✅ 恒生科技: 5,367.52 (+0.13%)
✅ 英诺赛科: 62.80 (-1.10%)
✅ 已部署 (02/19 13:00)
🔄 获取实时数据...
✅ 纳斯达克: 22,753.63 (+0.78%)
✅ 恒生科技: 5,367.52 (+0.13%)
✅ 英诺赛科: 62.80 (-1.10%)
✅ 已部署 (02/19 13:05)
🔄 获取实时数据...
✅ 纳斯达克: 22,753.63 (+0.78%)
✅ 恒生科技: 5,367.52 (+0.13%)
✅ 英诺赛科: 62.80 (-1.10%)
✅ 已部署 (02/19 13:10)
🔄 获取实时数据...
✅ 纳斯达克: 22,753.63 (+0.78%)
✅ 恒生科技: 5,367.52 (+0.13%)
✅ 英诺赛科: 62.80 (-1.10%)
✅ 已部署 (02/19 13:15)
🔄 获取实时数据...
✅ 纳斯达克: 22,753.63 (+0.78%)
✅ 恒生科技: 5,367.52 (+0.13%)
✅ 英诺赛科: 62.80 (-1.10%)
✅ 已部署 (02/19 13:20)
🔄 获取实时数据...
✅ 纳斯达克: 22,753.63 (+0.78%)
✅ 恒生科技: 5,367.52 (+0.13%)
✅ 英诺赛科: 62.80 (-1.10%)
✅ 已部署 (02/19 13:25)
🔄 获取实时数据...
✅ 纳斯达克: 22,753.63 (+0.78%)
✅ 恒生科技: 5,367.52 (+0.13%)
✅ 英诺赛科: 62.80 (-1.10%)
✅ 已部署 (02/19 13:30)
🔄 获取实时数据...
✅ 纳斯达克: 22,753.63 (+0.78%)
✅ 恒生科技: 5,367.52 (+0.13%)
✅ 英诺赛科: 62.80 (-1.10%)
✅ 已部署 (02/19 13:35)
🔄 获取实时数据...
✅ 纳斯达克: 22,753.63 (+0.78%)
✅ 恒生科技: 5,367.52 (+0.13%)
✅ 英诺赛科: 62.80 (-1.10%)
✅ 已部署 (02/19 13:40)
🔄 获取实时数据...
✅ 纳斯达克: 22,753.63 (+0.78%)
✅ 恒生科技: 5,367.52 (+0.13%)
✅ 英诺赛科: 62.80 (-1.10%)
✅ 已部署 (02/19 13:45)
🔄 获取实时数据...
✅ 纳斯达克: 22,753.63 (+0.78%)
✅ 恒生科技: 5,367.52 (+0.13%)
✅ 英诺赛科: 62.80 (-1.10%)
✅ 已部署 (02/19 13:50)
🔄 获取实时数据...
✅ 纳斯达克: 22,753.63 (+0.78%)
✅ 恒生科技: 5,367.52 (+0.13%)
✅ 英诺赛科: 62.80 (-1.10%)
✅ 已部署 (02/19 13:55)
🔄 获取实时数据...
✅ 纳斯达克: 22,753.63 (+0.78%)
✅ 恒生科技: 5,367.52 (+0.13%)
✅ 英诺赛科: 62.80 (-1.10%)
✅ 已部署 (02/19 14:00)
🔄 获取实时数据...
✅ 纳斯达克: 22,753.63 (+0.78%)
✅ 恒生科技: 5,367.52 (+0.13%)
✅ 英诺赛科: 62.80 (-1.10%)
✅ 已部署 (02/19 14:05)
🔄 获取实时数据...
✅ 纳斯达克: 22,753.63 (+0.78%)
✅ 恒生科技: 5,367.52 (+0.13%)
✅ 英诺赛科: 62.80 (-1.10%)
✅ 已部署 (02/19 14:10)
🔄 获取实时数据...
✅ 纳斯达克: 22,753.63 (+0.78%)
✅ 恒生科技: 5,367.52 (+0.13%)
✅ 英诺赛科: 62.80 (-1.10%)
✅ 已部署 (02/19 14:15)
🔄 获取实时数据...
✅ 纳斯达克: 22,753.63 (+0.78%)
✅ 恒生科技: 5,367.52 (+0.13%)
✅ 英诺赛科: 62.80 (-1.10%)
✅ 已部署 (02/19 14:20)
🔄 获取实时数据...
✅ 纳斯达克: 22,753.63 (+0.78%)
✅ 恒生科技: 5,367.52 (+0.13%)
✅ 英诺赛科: 62.80 (-1.10%)
✅ 已部署 (02/19 14:25)
🔄 获取实时数据...
✅ 纳斯达克: 22,753.63 (+0.78%)
✅ 恒生科技: 5,367.52 (+0.13%)
✅ 英诺赛科: 62.80 (-1.10%)
✅ 已部署 (02/19 14:30)
🔄 获取实时数据...
✅ 纳斯达克: 22,753.63 (+0.78%)
✅ 恒生科技: 5,367.52 (+0.13%)
✅ 英诺赛科: 62.80 (-1.10%)
✅ 已部署 (02/19 14:35)
🔄 获取实时数据...
✅ 纳斯达克: 22,753.63 (+0.78%)
✅ 恒生科技: 5,367.52 (+0.13%)
✅ 英诺赛科: 62.80 (-1.10%)
✅ 已部署 (02/19 14:40)
🔄 获取实时数据...
✅ 纳斯达克: 22,753.63 (+0.78%)
✅ 恒生科技: 5,367.52 (+0.13%)
✅ 英诺赛科: 62.80 (-1.10%)
✅ 已部署 (02/19 14:45)
🔄 获取实时数据...
✅ 纳斯达克: 22,753.63 (+0.78%)
✅ 恒生科技: 5,367.52 (+0.13%)
✅ 英诺赛科: 62.80 (-1.10%)
✅ 已部署 (02/19 14:50)
🔄 获取实时数据...
✅ 纳斯达克: 22,753.63 (+0.78%)
✅ 恒生科技: 5,367.52 (+0.13%)
✅ 英诺赛科: 62.80 (-1.10%)
✅ 已部署 (02/19 14:55)
🔄 获取实时数据...
✅ 纳斯达克: 22,753.63 (+0.78%)
✅ 恒生科技: 5,367.52 (+0.13%)
✅ 英诺赛科: 62.80 (-1.10%)
✅ 已部署 (02/19 15:00)
🔄 获取实时数据...
✅ 纳斯达克: 22,753.63 (+0.78%)
✅ 恒生科技: 5,367.52 (+0.13%)
✅ 英诺赛科: 62.80 (-1.10%)
✅ 已部署 (02/19 15:05)
🔄 获取实时数据...
✅ 纳斯达克: 22,753.63 (+0.78%)
✅ 恒生科技: 5,367.52 (+0.13%)
✅ 英诺赛科: 62.80 (-1.10%)
✅ 已部署 (02/19 15:10)
🔄 获取实时数据...
✅ 纳斯达克: 22,753.63 (+0.78%)
✅ 恒生科技: 5,367.52 (+0.13%)
✅ 英诺赛科: 62.80 (-1.10%)
✅ 已部署 (02/19 15:15)
🔄 获取实时数据...
✅ 纳斯达克: 22,753.63 (+0.78%)
✅ 恒生科技: 5,367.52 (+0.13%)
✅ 英诺赛科: 62.80 (-1.10%)
✅ 已部署 (02/19 15:20)
🔄 获取实时数据...
✅ 纳斯达克: 22,753.63 (+0.78%)
✅ 恒生科技: 5,367.52 (+0.13%)
✅ 英诺赛科: 62.80 (-1.10%)
✅ 已部署 (02/19 15:25)
🔄 获取实时数据...
✅ 纳斯达克: 22,753.63 (+0.78%)
✅ 恒生科技: 5,367.52 (+0.13%)
✅ 英诺赛科: 62.80 (-1.10%)
✅ 已部署 (02/19 15:30)
🔄 获取实时数据...
✅ 纳斯达克: 22,753.63 (+0.78%)
✅ 恒生科技: 5,367.52 (+0.13%)
✅ 英诺赛科: 62.80 (-1.10%)
✅ 已部署 (02/19 15:35)
🔄 获取实时数据...
✅ 纳斯达克: 22,753.63 (+0.78%)
✅ 恒生科技: 5,367.52 (+0.13%)
✅ 英诺赛科: 62.80 (-1.10%)
✅ 已部署 (02/19 15:40)
🔄 获取实时数据...
✅ 纳斯达克: 22,753.63 (+0.78%)
✅ 恒生科技: 5,367.52 (+0.13%)
✅ 英诺赛科: 62.80 (-1.10%)
✅ 已部署 (02/19 15:45)
🔄 获取实时数据...
✅ 纳斯达克: 22,753.63 (+0.78%)
✅ 恒生科技: 5,367.52 (+0.13%)
✅ 英诺赛科: 62.80 (-1.10%)
✅ 已部署 (02/19 15:50)
🔄 获取实时数据...
✅ 纳斯达克: 22,753.63 (+0.78%)
✅ 恒生科技: 5,367.52 (+0.13%)
✅ 英诺赛科: 62.80 (-1.10%)
✅ 已部署 (02/19 15:55)
🔄 获取实时数据...
✅ 纳斯达克: 22,753.63 (+0.78%)
✅ 恒生科技: 5,367.52 (+0.13%)
✅ 英诺赛科: 62.80 (-1.10%)
✅ 已部署 (02/19 16:00)
🔄 获取实时数据...
✅ 纳斯达克: 22,753.63 (+0.78%)
✅ 恒生科技: 5,367.52 (+0.13%)
✅ 英诺赛科: 62.80 (-1.10%)
✅ 已部署 (02/19 16:05)
🔄 获取实时数据...
✅ 纳斯达克: 22,753.63 (+0.78%)
✅ 恒生科技: 5,367.52 (+0.13%)
✅ 英诺赛科: 62.80 (-1.10%)
✅ 已部署 (02/19 16:10)
🔄 获取实时数据...
✅ 纳斯达克: 22,753.63 (+0.78%)
✅ 恒生科技: 5,367.52 (+0.13%)
✅ 英诺赛科: 62.80 (-1.10%)
✅ 已部署 (02/19 16:15)
🔄 获取实时数据...
✅ 纳斯达克: 22,753.63 (+0.78%)
✅ 恒生科技: 5,367.52 (+0.13%)
✅ 英诺赛科: 62.80 (-1.10%)
✅ 已部署 (02/19 16:20)
🔄 获取实时数据...
✅ 纳斯达克: 22,753.63 (+0.78%)
✅ 恒生科技: 5,367.52 (+0.13%)
✅ 英诺赛科: 62.80 (-1.10%)
✅ 已部署 (02/19 16:25)
🔄 获取实时数据...
✅ 纳斯达克: 22,753.63 (+0.78%)
✅ 恒生科技: 5,367.52 (+0.13%)
✅ 英诺赛科: 62.80 (-1.10%)
✅ 已部署 (02/19 16:30)
🔄 获取实时数据...
✅ 纳斯达克: 22,753.63 (+0.78%)
✅ 恒生科技: 5,367.52 (+0.13%)
✅ 英诺赛科: 62.80 (-1.10%)
✅ 已部署 (02/19 16:35)
🔄 获取实时数据...
✅ 纳斯达克: 22,753.63 (+0.78%)
✅ 恒生科技: 5,367.52 (+0.13%)
✅ 英诺赛科: 62.80 (-1.10%)
✅ 已部署 (02/19 16:40)
🔄 获取实时数据...
✅ 纳斯达克: 22,753.63 (+0.78%)
✅ 恒生科技: 5,367.52 (+0.13%)
✅ 英诺赛科: 62.80 (-1.10%)
✅ 已部署 (02/19 16:45)
🔄 获取实时数据...
✅ 纳斯达克: 22,753.63 (+0.78%)
✅ 恒生科技: 5,367.52 (+0.13%)
✅ 英诺赛科: 62.80 (-1.10%)
✅ 已部署 (02/19 16:50)
🔄 获取实时数据...
✅ 纳斯达克: 22,753.63 (+0.78%)
✅ 恒生科技: 5,367.52 (+0.13%)
✅ 英诺赛科: 62.80 (-1.10%)
✅ 已部署 (02/19 16:55)
🔄 获取实时数据...
✅ 纳斯达克: 22,753.63 (+0.78%)
✅ 恒生科技: 5,367.52 (+0.13%)
✅ 英诺赛科: 62.80 (-1.10%)
✅ 已部署 (02/19 17:00)
🔄 获取实时数据...
✅ 纳斯达克: 22,753.63 (+0.78%)
✅ 恒生科技: 5,367.52 (+0.13%)
✅ 英诺赛科: 62.80 (-1.10%)
✅ 已部署 (02/19 17:05)
🔄 获取实时数据...
✅ 纳斯达克: 22,753.63 (+0.78%)
✅ 恒生科技: 5,367.52 (+0.13%)
✅ 英诺赛科: 62.80 (-1.10%)
✅ 已部署 (02/19 17:10)
🔄 获取实时数据...
✅ 纳斯达克: 22,753.63 (+0.78%)
✅ 恒生科技: 5,367.52 (+0.13%)
✅ 英诺赛科: 62.80 (-1.10%)
✅ 已部署 (02/19 17:15)
🔄 获取实时数据...
✅ 纳斯达克: 22,753.63 (+0.78%)
✅ 恒生科技: 5,367.52 (+0.13%)
✅ 英诺赛科: 62.80 (-1.10%)
✅ 已部署 (02/19 17:20)
🔄 获取实时数据...
✅ 纳斯达克: 22,753.63 (+0.78%)
✅ 恒生科技: 5,367.52 (+0.13%)
✅ 英诺赛科: 62.80 (-1.10%)
✅ 已部署 (02/19 17:25)
🔄 获取实时数据...
✅ 纳斯达克: 22,753.63 (+0.78%)
✅ 恒生科技: 5,367.52 (+0.13%)
✅ 英诺赛科: 62.80 (-1.10%)
✅ 已部署 (02/19 17:30)
🔄 获取实时数据...
✅ 纳斯达克: 22,753.63 (+0.78%)
✅ 恒生科技: 5,367.52 (+0.13%)
✅ 英诺赛科: 62.80 (-1.10%)
✅ 已部署 (02/19 17:35)
🔄 获取实时数据...
✅ 纳斯达克: 22,753.63 (+0.78%)
✅ 恒生科技: 5,367.52 (+0.13%)
✅ 英诺赛科: 62.80 (-1.10%)
✅ 已部署 (02/19 17:40)
🔄 获取实时数据...
✅ 纳斯达克: 22,753.63 (+0.78%)
✅ 恒生科技: 5,367.52 (+0.13%)
✅ 英诺赛科: 62.80 (-1.10%)
✅ 已部署 (02/19 17:45)
🔄 获取实时数据...
✅ 纳斯达克: 22,753.63 (+0.78%)
✅ 恒生科技: 5,367.52 (+0.13%)
✅ 英诺赛科: 62.80 (-1.10%)
✅ 已部署 (02/19 17:50)
🔄 获取实时数据...
✅ 纳斯达克: 22,753.63 (+0.78%)
✅ 恒生科技: 5,367.52 (+0.13%)
✅ 英诺赛科: 62.80 (-1.10%)
✅ 已部署 (02/19 17:55)
🔄 获取实时数据...
✅ 纳斯达克: 22,753.63 (+0.78%)
✅ 恒生科技: 5,367.52 (+0.13%)
✅ 英诺赛科: 62.80 (-1.10%)
✅ 已部署 (02/19 18:00)
🔄 获取实时数据...
✅ 纳斯达克: 22,753.63 (+0.78%)
✅ 恒生科技: 5,367.52 (+0.13%)
✅ 英诺赛科: 62.80 (-1.10%)
✅ 已部署 (02/19 18:05)
🔄 获取实时数据...
✅ 纳斯达克: 22,753.63 (+0.78%)
✅ 恒生科技: 5,367.52 (+0.13%)
✅ 英诺赛科: 62.80 (-1.10%)
✅ 已部署 (02/19 18:10)
🔄 获取实时数据...
✅ 纳斯达克: 22,753.63 (+0.78%)
✅ 恒生科技: 5,367.52 (+0.13%)
✅ 英诺赛科: 62.80 (-1.10%)
✅ 已部署 (02/19 18:15)
🔄 获取实时数据...
✅ 纳斯达克: 22,753.63 (+0.78%)
✅ 恒生科技: 5,367.52 (+0.13%)
✅ 英诺赛科: 62.80 (-1.10%)
✅ 已部署 (02/19 18:20)
🔄 获取实时数据...
✅ 纳斯达克: 22,753.63 (+0.78%)
✅ 恒生科技: 5,367.52 (+0.13%)
✅ 英诺赛科: 62.80 (-1.10%)
✅ 已部署 (02/19 18:25)
🔄 获取实时数据...
✅ 纳斯达克: 22,753.63 (+0.78%)
✅ 恒生科技: 5,367.52 (+0.13%)
✅ 英诺赛科: 62.80 (-1.10%)
✅ 已部署 (02/19 18:30)
🔄 获取实时数据...
✅ 纳斯达克: 22,753.63 (+0.78%)
✅ 恒生科技: 5,367.52 (+0.13%)
✅ 英诺赛科: 62.80 (-1.10%)
✅ 已部署 (02/19 18:35)
🔄 获取实时数据...
✅ 纳斯达克: 22,753.63 (+0.78%)
✅ 恒生科技: 5,367.52 (+0.13%)
✅ 英诺赛科: 62.80 (-1.10%)
✅ 已部署 (02/19 18:40)
🔄 获取实时数据...
✅ 纳斯达克: 22,753.63 (+0.78%)
✅ 恒生科技: 5,367.52 (+0.13%)
✅ 英诺赛科: 62.80 (-1.10%)
✅ 已部署 (02/19 18:45)
🔄 获取实时数据...
✅ 纳斯达克: 22,753.63 (+0.78%)
✅ 恒生科技: 5,367.52 (+0.13%)
✅ 英诺赛科: 62.80 (-1.10%)
✅ 已部署 (02/19 18:50)
🔄 获取实时数据...
✅ 纳斯达克: 22,753.63 (+0.78%)
✅ 恒生科技: 5,367.52 (+0.13%)
✅ 英诺赛科: 62.80 (-1.10%)
✅ 已部署 (02/19 18:55)
🔄 获取实时数据...
✅ 纳斯达克: 22,753.63 (+0.78%)
✅ 恒生科技: 5,367.52 (+0.13%)
✅ 英诺赛科: 62.80 (-1.10%)
✅ 已部署 (02/19 19:00)
🔄 获取实时数据...
✅ 纳斯达克: 22,753.63 (+0.78%)
✅ 恒生科技: 5,367.52 (+0.13%)
✅ 英诺赛科: 62.80 (-1.10%)
✅ 已部署 (02/19 19:05)
🔄 获取实时数据...
✅ 纳斯达克: 22,753.63 (+0.78%)
✅ 恒生科技: 5,367.52 (+0.13%)
✅ 英诺赛科: 62.80 (-1.10%)
✅ 已部署 (02/19 19:10)
🔄 获取实时数据...
✅ 纳斯达克: 22,753.63 (+0.78%)
✅ 恒生科技: 5,367.52 (+0.13%)
✅ 英诺赛科: 62.80 (-1.10%)
✅ 已部署 (02/19 19:15)
🔄 获取实时数据...
✅ 纳斯达克: 22,753.63 (+0.78%)
✅ 恒生科技: 5,367.52 (+0.13%)
✅ 英诺赛科: 62.80 (-1.10%)
✅ 已部署 (02/19 19:20)
🔄 获取实时数据...
✅ 纳斯达克: 22,753.63 (+0.78%)
✅ 恒生科技: 5,367.52 (+0.13%)
✅ 英诺赛科: 62.80 (-1.10%)
✅ 已部署 (02/19 19:25)
🔄 获取实时数据...
✅ 纳斯达克: 22,753.63 (+0.78%)
✅ 恒生科技: 5,367.52 (+0.13%)
✅ 英诺赛科: 62.80 (-1.10%)
✅ 已部署 (02/19 19:30)
🔄 获取实时数据...
✅ 纳斯达克: 22,753.63 (+0.78%)
✅ 恒生科技: 5,367.52 (+0.13%)
✅ 英诺赛科: 62.80 (-1.10%)
✅ 已部署 (02/19 19:35)
🔄 获取实时数据...
✅ 纳斯达克: 22,753.63 (+0.78%)
✅ 恒生科技: 5,367.52 (+0.13%)
✅ 英诺赛科: 62.80 (-1.10%)
✅ 已部署 (02/19 19:40)
🔄 获取实时数据...
✅ 纳斯达克: 22,753.63 (+0.78%)
✅ 恒生科技: 5,367.52 (+0.13%)
✅ 英诺赛科: 62.80 (-1.10%)
✅ 已部署 (02/19 19:45)
🔄 获取实时数据...
✅ 纳斯达克: 22,753.63 (+0.78%)
✅ 恒生科技: 5,367.52 (+0.13%)
✅ 英诺赛科: 62.80 (-1.10%)
✅ 已部署 (02/19 19:50)
🔄 获取实时数据...
✅ 纳斯达克: 22,753.63 (+0.78%)
✅ 恒生科技: 5,367.52 (+0.13%)
✅ 英诺赛科: 62.80 (-1.10%)
✅ 已部署 (02/19 19:55)
🔄 获取实时数据...
✅ 纳斯达克: 22,753.63 (+0.78%)
✅ 恒生科技: 5,367.52 (+0.13%)
✅ 英诺赛科: 62.80 (-1.10%)
✅ 已部署 (02/19 20:00)
🔄 获取实时数据...
✅ 纳斯达克: 22,753.63 (+0.78%)
✅ 恒生科技: 5,367.52 (+0.13%)
✅ 英诺赛科: 62.80 (-1.10%)
✅ 已部署 (02/19 20:05)
🔄 获取实时数据...
✅ 纳斯达克: 22,753.63 (+0.78%)
✅ 恒生科技: 5,367.52 (+0.13%)
✅ 英诺赛科: 62.80 (-1.10%)
✅ 已部署 (02/19 20:10)
🔄 获取实时数据...
✅ 纳斯达克: 22,753.63 (+0.78%)
✅ 恒生科技: 5,367.52 (+0.13%)
✅ 英诺赛科: 62.80 (-1.10%)
✅ 已部署 (02/19 20:15)
🔄 获取实时数据...
✅ 纳斯达克: 22,753.63 (+0.78%)
✅ 恒生科技: 5,367.52 (+0.13%)
✅ 英诺赛科: 62.80 (-1.10%)
✅ 已部署 (02/19 20:20)
🔄 获取实时数据...
✅ 纳斯达克: 22,753.63 (+0.78%)
✅ 恒生科技: 5,367.52 (+0.13%)
✅ 英诺赛科: 62.80 (-1.10%)
✅ 已部署 (02/19 20:25)
🔄 获取实时数据...
✅ 纳斯达克: 22,753.63 (+0.78%)
✅ 恒生科技: 5,367.52 (+0.13%)
✅ 英诺赛科: 62.80 (-1.10%)
✅ 已部署 (02/19 20:30)
🔄 获取实时数据...
✅ 纳斯达克: 22,753.63 (+0.78%)
✅ 恒生科技: 5,367.52 (+0.13%)
✅ 英诺赛科: 62.80 (-1.10%)
✅ 已部署 (02/19 20:35)
🔄 获取实时数据...
✅ 纳斯达克: 22,753.63 (+0.78%)
✅ 恒生科技: 5,367.52 (+0.13%)
✅ 英诺赛科: 62.80 (-1.10%)
✅ 已部署 (02/19 20:40)
🔄 获取实时数据...
✅ 纳斯达克: 22,753.63 (+0.78%)
✅ 恒生科技: 5,367.52 (+0.13%)
✅ 英诺赛科: 62.80 (-1.10%)
✅ 已部署 (02/19 20:45)
🔄 获取实时数据...
✅ 纳斯达克: 22,753.63 (+0.78%)
✅ 恒生科技: 5,367.52 (+0.13%)
✅ 英诺赛科: 62.80 (-1.10%)
✅ 已部署 (02/19 20:50)
🔄 获取实时数据...
✅ 纳斯达克: 22,753.63 (+0.78%)
✅ 恒生科技: 5,367.52 (+0.13%)
✅ 英诺赛科: 62.80 (-1.10%)
✅ 已部署 (02/19 20:55)
🔄 获取实时数据...
✅ 纳斯达克: 22,753.63 (+0.78%)
✅ 恒生科技: 5,367.52 (+0.13%)
✅ 英诺赛科: 62.80 (-1.10%)
✅ 已部署 (02/19 21:00)
🔄 获取实时数据...
✅ 纳斯达克: 22,753.63 (+0.78%)
✅ 恒生科技: 5,367.52 (+0.13%)
✅ 英诺赛科: 62.80 (-1.10%)
✅ 已部署 (02/19 21:05)
🔄 获取实时数据...
✅ 纳斯达克: 22,753.63 (+0.78%)
✅ 恒生科技: 5,367.52 (+0.13%)
✅ 英诺赛科: 62.80 (-1.10%)
✅ 已部署 (02/19 21:10)
🔄 获取实时数据...
✅ 纳斯达克: 22,753.63 (+0.78%)
✅ 恒生科技: 5,367.52 (+0.13%)
✅ 英诺赛科: 62.80 (-1.10%)
✅ 已部署 (02/19 21:15)
🔄 获取实时数据...
✅ 纳斯达克: 22,753.63 (+0.78%)
✅ 恒生科技: 5,367.52 (+0.13%)
✅ 英诺赛科: 62.80 (-1.10%)
✅ 已部署 (02/19 21:20)
🔄 获取实时数据...
✅ 纳斯达克: 22,753.63 (+0.78%)
✅ 恒生科技: 5,367.52 (+0.13%)
✅ 英诺赛科: 62.80 (-1.10%)
✅ 已部署 (02/19 21:25)
🔄 获取实时数据...
✅ 纳斯达克: 22,753.63 (+0.78%)
✅ 恒生科技: 5,367.52 (+0.13%)
✅ 英诺赛科: 62.80 (-1.10%)
✅ 已部署 (02/19 21:30)
🔄 获取实时数据...
✅ 纳斯达克: 22,753.63 (+0.78%)
✅ 恒生科技: 5,367.52 (+0.13%)
✅ 英诺赛科: 62.80 (-1.10%)
✅ 已部署 (02/19 21:35)
🔄 获取实时数据...
✅ 纳斯达克: 22,753.63 (+0.78%)
✅ 恒生科技: 5,367.52 (+0.13%)
✅ 英诺赛科: 62.80 (-1.10%)
✅ 已部署 (02/19 21:40)
🔄 获取实时数据...
✅ 纳斯达克: 22,753.63 (+0.78%)
✅ 恒生科技: 5,367.52 (+0.13%)
✅ 英诺赛科: 62.80 (-1.10%)
✅ 已部署 (02/19 21:45)
🔄 获取实时数据...
✅ 纳斯达克: 22,753.63 (+0.78%)
✅ 恒生科技: 5,367.52 (+0.13%)
✅ 英诺赛科: 62.80 (-1.10%)
✅ 已部署 (02/19 21:50)
🔄 获取实时数据...
✅ 纳斯达克: 22,753.63 (+0.78%)
✅ 恒生科技: 5,367.52 (+0.13%)
✅ 英诺赛科: 62.80 (-1.10%)
✅ 已部署 (02/19 21:55)
🔄 获取实时数据...
✅ 纳斯达克: 22,753.63 (+0.78%)
✅ 恒生科技: 5,367.52 (+0.13%)
✅ 英诺赛科: 62.80 (-1.10%)
✅ 已部署 (02/19 22:00)
🔄 获取实时数据...
✅ 纳斯达克: 22,753.63 (+0.78%)
✅ 恒生科技: 5,367.52 (+0.13%)
✅ 英诺赛科: 62.80 (-1.10%)
✅ 已部署 (02/19 22:05)
🔄 获取实时数据...
✅ 纳斯达克: 22,753.63 (+0.78%)
✅ 恒生科技: 5,367.52 (+0.13%)
✅ 英诺赛科: 62.80 (-1.10%)
✅ 已部署 (02/19 22:10)
🔄 获取实时数据...
✅ 纳斯达克: 22,753.63 (+0.78%)
✅ 恒生科技: 5,367.52 (+0.13%)
✅ 英诺赛科: 62.80 (-1.10%)
✅ 已部署 (02/19 22:15)
🔄 获取实时数据...
✅ 纳斯达克: 22,753.63 (+0.78%)
✅ 恒生科技: 5,367.52 (+0.13%)
✅ 英诺赛科: 62.80 (-1.10%)
✅ 已部署 (02/19 22:20)
🔄 获取实时数据...
✅ 纳斯达克: 22,753.63 (+0.78%)
✅ 恒生科技: 5,367.52 (+0.13%)
✅ 英诺赛科: 62.80 (-1.10%)
✅ 已部署 (02/19 22:25)
🔄 获取实时数据...
✅ 纳斯达克: 22,753.63 (+0.00%)
✅ 恒生科技: 5,367.52 (+0.13%)
✅ 英诺赛科: 62.80 (-1.10%)
✅ 已部署 (02/19 22:30)
🔄 获取实时数据...
✅ 纳斯达克: 22,656.98 (-0.42%)
✅ 恒生科技: 5,367.52 (+0.13%)
✅ 英诺赛科: 62.80 (-1.10%)
✅ 已部署 (02/19 22:35)
🔄 获取实时数据...
✅ 纳斯达克: 22,626.27 (-0.56%)
✅ 恒生科技: 5,367.52 (+0.13%)
✅ 英诺赛科: 62.80 (-1.10%)
✅ 已部署 (02/19 22:40)
🔄 获取实时数据...
✅ 纳斯达克: 22,651.79 (-0.45%)
✅ 恒生科技: 5,367.52 (+0.13%)
✅ 英诺赛科: 62.80 (-1.10%)
✅ 已部署 (02/19 22:45)
🔄 获取实时数据...
✅ 纳斯达克: 22,640.97 (-0.50%)
✅ 恒生科技: 5,367.52 (+0.13%)
✅ 英诺赛科: 62.80 (-1.10%)
✅ 已部署 (02/19 22:50)
🔄 获取实时数据...
✅ 纳斯达克: 22,683.71 (-0.31%)
✅ 恒生科技: 5,367.52 (+0.13%)
✅ 英诺赛科: 62.80 (-1.10%)
✅ 已部署 (02/19 22:55)
