[11:00] 开始抓取Twitter...
发现 1 条推文，其中 1 条是新推文
Traceback (most recent call last):
  File "/root/.openclaw/workspace/lobster-workspace/scripts/twitter_hourly_push.py", line 416, in <module>
    
  File "/usr/lib64/python3.11/asyncio/runners.py", line 190, in run
    return runner.run(main)
           ^^^^^^^^^^^^^^^^
  File "/usr/lib64/python3.11/asyncio/runners.py", line 118, in run
    return self._loop.run_until_complete(task)
           ^^^^^^^^^^^^^^^^^^^^^^^^^^^^^^^^^^^
  File "/usr/lib64/python3.11/asyncio/base_events.py", line 653, in run_until_complete
    return future.result()
           ^^^^^^^^^^^^^^^
  File "/root/.openclaw/workspace/lobster-workspace/scripts/twitter_hourly_push.py", line 395, in main
    
    ^
NameError: name 'save_to_daily_log' is not defined
[12:00] 开始抓取Twitter...
没有新推文
[13:00] 开始抓取Twitter...
没有新推文
[14:00] 开始抓取Twitter...
没有新推文
[15:00] 开始抓取Twitter...
没有新推文
[16:00] 开始抓取Twitter...
没有新推文
[17:00] 开始抓取Twitter...
没有新推文
[17:30] 开始抓取Twitter...
  跳过 6 条已推送过的推文
发现 6 条推文，但全部已推送过，跳过
[18:00] 开始抓取Twitter...
发现 1 条推文，其中 1 条是新推文
✅ 已记录到 /root/.openclaw/workspace/memory/twitter_logs/2026-02-25.md
推送 1 条推文...
[18:30] 开始抓取Twitter...
发现 3 条推文，其中 3 条是新推文
✅ 已记录到 /root/.openclaw/workspace/memory/twitter_logs/2026-02-25.md
推送 3 条推文...
  ⚠️ Telegram 推送失败: /usr/bin/env: ‘node’: No such file or directory

[19:00] 开始抓取Twitter...
没有新推文
[19:25] 开始抓取Twitter...
发现 3 条推文，其中 3 条是新推文
✅ 已记录到 /root/.openclaw/workspace/memory/twitter_logs/2026-02-25.md
推送 3 条推文...
  ✅ Telegram 推送成功
[19:28] 开始抓取Twitter...
发现 4 条推文，其中 4 条是新推文
✅ 已记录到 /root/.openclaw/workspace/memory/twitter_logs/2026-02-25.md
推送 4 条推文...
  ✅ Telegram 推送成功
[19:30] 开始抓取Twitter...
发现 5 条推文，其中 5 条是新推文
✅ 已记录到 /root/.openclaw/workspace/memory/twitter_logs/2026-02-25.md
推送 5 条推文...
  ✅ Telegram 推送成功
[19:31] 开始抓取Twitter...
发现 5 条推文，其中 5 条是新推文
✅ 已记录到 /root/.openclaw/workspace/memory/twitter_logs/2026-02-25.md
推送 5 条推文...
  ✅ Telegram 推送成功
[20:00] 开始抓取Twitter...
没有新推文
[20:30] 开始抓取Twitter...
发现 5 条推文，其中 5 条是新推文
✅ 已记录到 /root/.openclaw/workspace/memory/twitter_logs/2026-02-25.md
推送 5 条推文...
  ✅ Telegram 推送成功
[21:00] 开始抓取Twitter...
没有新推文
[21:30] 开始抓取Twitter...
发现 5 条推文，其中 4 条是新推文
✅ 已记录到 /root/.openclaw/workspace/memory/twitter_logs/2026-02-25.md
推送 4 条推文...
  ✅ Telegram 推送成功
[22:00] 开始抓取Twitter...
没有新推文
[22:30] 开始抓取Twitter...
发现 6 条推文，其中 5 条是新推文
✅ 已记录到 /root/.openclaw/workspace/memory/twitter_logs/2026-02-25.md
推送 5 条推文...
  ✅ Telegram 推送成功
[23:00] 开始抓取Twitter...
没有新推文
[23:30] 开始抓取Twitter...
发现 8 条推文，其中 7 条是新推文
✅ 已记录到 /root/.openclaw/workspace/memory/twitter_logs/2026-02-25.md
推送 7 条推文...
  ✅ Telegram 推送成功
[00:00] 开始抓取Twitter...
没有新推文
[00:30] 开始抓取Twitter...
发现 8 条推文，其中 7 条是新推文
✅ 已记录到 /root/.openclaw/workspace/memory/twitter_logs/2026-02-26.md
推送 7 条推文...
  ✅ Telegram 推送成功
[01:00] 开始抓取Twitter...
没有新推文
[01:30] 开始抓取Twitter...
发现 9 条推文，其中 8 条是新推文
✅ 已记录到 /root/.openclaw/workspace/memory/twitter_logs/2026-02-26.md
推送 8 条推文...
  ✅ Telegram 推送成功
[02:00] 开始抓取Twitter...
没有新推文
[02:30] 开始抓取Twitter...
发现 9 条推文，其中 7 条是新推文
✅ 已记录到 /root/.openclaw/workspace/memory/twitter_logs/2026-02-26.md
推送 7 条推文...
  ✅ Telegram 推送成功
[03:00] 开始抓取Twitter...
没有新推文
[03:30] 开始抓取Twitter...
发现 8 条推文，其中 8 条是新推文
✅ 已记录到 /root/.openclaw/workspace/memory/twitter_logs/2026-02-26.md
推送 8 条推文...
  ✅ Telegram 推送成功
[04:00] 开始抓取Twitter...
没有新推文
[04:30] 开始抓取Twitter...
发现 7 条推文，其中 7 条是新推文
✅ 已记录到 /root/.openclaw/workspace/memory/twitter_logs/2026-02-26.md
推送 7 条推文...
  ✅ Telegram 推送成功
[05:00] 开始抓取Twitter...
没有新推文
[05:30] 开始抓取Twitter...
发现 5 条推文，其中 5 条是新推文
✅ 已记录到 /root/.openclaw/workspace/memory/twitter_logs/2026-02-26.md
推送 5 条推文...
  ✅ Telegram 推送成功
[06:00] 开始抓取Twitter...
没有新推文
[06:30] 开始抓取Twitter...
发现 5 条推文，其中 5 条是新推文
✅ 已记录到 /root/.openclaw/workspace/memory/twitter_logs/2026-02-26.md
推送 5 条推文...
  ✅ Telegram 推送成功
[07:00] 开始抓取Twitter...
没有新推文
[07:30] 开始抓取Twitter...
发现 5 条推文，其中 5 条是新推文
✅ 已记录到 /root/.openclaw/workspace/memory/twitter_logs/2026-02-26.md
推送 5 条推文...
  ✅ Telegram 推送成功
[08:00] 开始抓取Twitter...
没有新推文
[08:30] 开始抓取Twitter...
发现 8 条推文，其中 8 条是新推文
✅ 已记录到 /root/.openclaw/workspace/memory/twitter_logs/2026-02-26.md
推送 8 条推文...
  ✅ Telegram 推送成功
[09:00] 开始抓取Twitter...
没有新推文
[09:30] 开始抓取Twitter...
发现 7 条推文，其中 6 条是新推文
✅ 已记录到 /root/.openclaw/workspace/memory/twitter_logs/2026-02-26.md
推送 6 条推文...
  ✅ Telegram 推送成功
[10:00] 开始抓取Twitter...
没有新推文
[10:30] 开始抓取Twitter...
发现 6 条推文，其中 5 条是新推文
✅ 已记录到 /root/.openclaw/workspace/memory/twitter_logs/2026-02-26.md
推送 5 条推文...
  ✅ Telegram 推送成功
[11:00] 开始抓取Twitter...
发现 2 条推文，其中 2 条是新推文
✅ 已记录到 /root/.openclaw/workspace/memory/twitter_logs/2026-02-26.md
推送 2 条推文...
  ✅ Telegram 推送成功
[12:00] 开始抓取Twitter...
没有新推文
[13:00] 开始抓取Twitter...
没有新推文
[14:00] 开始抓取Twitter...
没有新推文
[15:00] 开始抓取Twitter...
发现 2 条推文，其中 2 条是新推文
✅ 已记录到 /root/.openclaw/workspace/memory/twitter_logs/2026-02-26.md
推送 2 条推文...
  ✅ Telegram 推送成功
[16:00] 开始抓取Twitter...
没有新推文
[17:00] 开始抓取Twitter...
  跳过 2 条已推送过的推文
发现 2 条推文，但全部已推送过，跳过
[18:00] 开始抓取Twitter...
  跳过 2 条已推送过的推文
发现 2 条推文，但全部已推送过，跳过
[19:00] 开始抓取Twitter...
没有新推文
[20:00] 开始抓取Twitter...
没有新推文
[21:00] 开始抓取Twitter...
没有新推文
[22:00] 开始抓取Twitter...
没有新推文
