
============================================================
ACCOUNT:Elon Musk|@elonmusk
TIME:2026-02-17 08:00
------------------------------------------------------------
1. Get stuff done @xAI
2. Banger
3. Worse than the worst nightmare I could have imagined
4. RT: Starlink update
5. RT: xAI Memphis progress
============================================================

============================================================
ACCOUNT:JD|@jdhasoptions
TIME:2026-02-17 08:00
------------------------------------------------------------
1. ADBE和CRM都有大额看空put
2. $IGV反弹分析
3. VRT大涨验证
4. 不赌财报的抄底策略
5. 美股板块分化深度分析（半导体、云、航空股、存储）
============================================================

============================================================
ACCOUNT:xiaomucrypto|@xiaomucrypto
TIME:2026-02-17 08:00
------------------------------------------------------------
1. AI进化下关注高护城河标的（台积电、存储厂商）
2. AI未来可能建立crypto金融系统
3. 关于CZ和币安的几条评论
4. 铠侠/闪迪存储股大涨分析
============================================================
