[2026-02-13 08:00:00] INFO: Starting weekly maintenance
[2026-02-13 08:05:00] DECISION: Switched from dynamic loading to static HTML for Twitter
[2026-02-13 08:05:30] REASON: Browser cache issues causing "loading..." stuck state
[2026-02-13 08:30:00] INFO: Twitter monitor started
[2026-02-13 08:30:15] ERROR: MyMemory API 429 quota exceeded
[2026-02-13 08:30:20] SOLUTION: Added fallback to truncate text if translation fails
[2026-02-13 09:00:00] INFO: Deployment successful
[2026-02-13 14:00:00] INFO: User feedback received
[2026-02-13 14:05:00] PREFERENCE: User prefers concise replies this week
[2026-02-13 15:00:00] INFO: Dashboard updated
[2026-02-14 08:00:00] INFO: Starting daily tasks
[2026-02-14 08:30:00] ERROR: Responsive CSS breaking on mobile
[2026-02-14 08:45:00] SOLUTION: Changed breakpoint from 992px to 1200px
[2026-02-14 09:00:00] INFO: Mobile layout fixed
[2026-02-15 08:00:00] INFO: GitHub auto-push configured
[2026-02-15 10:00:00] DECISION: Created Superpowers Skills framework
[2026-02-15 10:05:00] REASON: Systematic approach to Dashboard development
[2026-02-15 12:00:00] INFO: Skills created: planning, layout, data, implementation
[2026-02-16 08:00:00] INFO: Daily monitoring started
[2026-02-16 09:00:00] ERROR: Twitter displaying old content (Feb 19)
[2026-02-16 09:30:00] SOLUTION: Script only updated JSON, not HTML - fixed
[2026-02-16 10:00:00] INFO: Twitter update working
[2026-02-17 08:00:00] INFO: OpenClaw upgrade started
[2026-02-17 08:30:00] DECISION: Upgraded from 2026.2.17 to 2026.2.19-2
[2026-02-17 09:00:00] INFO: Upgrade successful
[2026-02-18 08:00:00] INFO: Memory cleanup script created
[2026-02-18 09:00:00] DECISION: Must use --dry-run before --apply
[2026-02-18 09:05:00] REASON: Accidentally archived useful P1 entries once
[2026-02-18 10:00:00] INFO: Cleanup script tested and working
[2026-02-19 08:00:00] INFO: Dashboard v4.2 layout finalized
[2026-02-19 09:00:00] DECISION: Three-column layout confirmed
[2026-02-19 09:05:00] REASON: Upstream | Twitter | Finance bulletin
[2026-02-19 10:00:00] INFO: User approved layout
