
============================================================
📊 开始生成市场日报 - 2026-02-23 06:30
============================================================

🔄 获取市场数据...
🔄 抓取新闻...
🔄 分析重点公司...
🔄 分析投资组合...
🔄 生成报告...

✅ 报告已生成: /root/.openclaw/workspace/learning/fund_manager/reports/20260223_daily_report.md
============================================================


============================================================
📊 开始生成市场日报 - 2026-02-24 06:30
============================================================

🔄 获取市场数据...
🔄 抓取新闻...
🔄 分析重点公司...
🔄 分析投资组合...
🔄 生成报告...

✅ 报告已生成: /root/.openclaw/workspace/learning/fund_manager/reports/20260224_daily_report.md
============================================================


============================================================
📊 开始生成市场日报 - 2026-02-25 06:30
============================================================

🔄 获取市场数据...
🔄 抓取新闻...
🔄 分析重点公司...
🔄 分析投资组合...
🔄 生成报告...

✅ 报告已生成: /root/.openclaw/workspace/learning/fund_manager/reports/20260225_daily_report.md
============================================================


============================================================
📊 开始生成市场日报 - 2026-02-26 06:30
============================================================

🔄 获取市场数据...
🔄 抓取新闻...
🔄 分析重点公司...
🔄 分析投资组合...
🔄 生成报告...

✅ 报告已生成: /root/.openclaw/workspace/learning/fund_manager/reports/20260226_daily_report.md
============================================================


============================================================
📊 开始生成市场日报 - 2026-02-27 06:30
============================================================

🔄 获取市场数据...
🔄 抓取新闻...
🔄 分析重点公司...
🔄 分析投资组合...
🔄 生成报告...

✅ 报告已生成: /root/.openclaw/workspace/learning/fund_manager/reports/20260227_daily_report.md
============================================================

